Warning: you requested the nanomsg event logger, but bmv2 was compiled without -DBMELOG, and the event logger cannot be activated
You disabled logging macros when building this binary; however, the log level is currenty set to include 'debug' and possibly 'trace' messages; therefore the logs will be missing most messages
Calling target program-options parser
Adding interface s1-eth1 as port 1
Adding interface s1-eth2 as port 2
[13:12:20.098] [bmv2] [I] [thread 5753] Starting Thrift server on port 9090
[13:12:20.098] [bmv2] [I] [thread 5753] Thrift server was started
[13:12:21.728] [bmv2] [T] [thread 5791] bm_get_config
[13:12:21.772] [bmv2] [T] [thread 5791] bm_table_add_entry
[13:12:21.773] [bmv2] [T] [thread 5791] bm_table_add_entry
[13:12:21.774] [bmv2] [T] [thread 5791] bm_table_add_entry
[13:12:21.775] [bmv2] [T] [thread 5791] bm_table_add_entry
[13:12:21.775] [bmv2] [T] [thread 5791] bm_mc_mgrp_create
[13:12:21.775] [bmv2] [D] [thread 5791] mgrp node created for mgid 1
[13:12:21.775] [bmv2] [T] [thread 5791] bm_mc_node_create
[13:12:21.775] [bmv2] [D] [thread 5791] node created for rid 0
[13:12:21.776] [bmv2] [T] [thread 5791] bm_mc_node_create
[13:12:21.776] [bmv2] [D] [thread 5791] node created for rid 1
[13:12:21.776] [bmv2] [T] [thread 5791] bm_mc_node_create
[13:12:21.776] [bmv2] [D] [thread 5791] node created for rid 2
[13:12:21.776] [bmv2] [T] [thread 5791] bm_mc_node_create
[13:12:21.776] [bmv2] [D] [thread 5791] node created for rid 3
[13:12:21.777] [bmv2] [T] [thread 5791] bm_mc_node_create
[13:12:21.777] [bmv2] [D] [thread 5791] node created for rid 4
[13:12:21.778] [bmv2] [T] [thread 5791] bm_mc_node_create
[13:12:21.778] [bmv2] [D] [thread 5791] node created for rid 5
[13:12:21.778] [bmv2] [T] [thread 5791] bm_mc_node_create
[13:12:21.778] [bmv2] [D] [thread 5791] node created for rid 6
[13:12:21.778] [bmv2] [T] [thread 5791] bm_mc_node_create
[13:12:21.778] [bmv2] [D] [thread 5791] node created for rid 7
[13:12:21.779] [bmv2] [T] [thread 5791] bm_mc_node_associate
[13:12:21.779] [bmv2] [D] [thread 5791] node associated with mgid 1
[13:12:21.779] [bmv2] [T] [thread 5791] bm_mc_node_associate
[13:12:21.779] [bmv2] [D] [thread 5791] node associated with mgid 1
[13:12:21.779] [bmv2] [T] [thread 5791] bm_mc_node_associate
[13:12:21.779] [bmv2] [D] [thread 5791] node associated with mgid 1
[13:12:21.779] [bmv2] [T] [thread 5791] bm_mc_node_associate
[13:12:21.779] [bmv2] [D] [thread 5791] node associated with mgid 1
[13:12:21.780] [bmv2] [T] [thread 5791] bm_mc_node_associate
[13:12:21.780] [bmv2] [D] [thread 5791] node associated with mgid 1
[13:12:21.780] [bmv2] [T] [thread 5791] bm_mc_node_associate
[13:12:21.780] [bmv2] [D] [thread 5791] node associated with mgid 1
[13:12:21.780] [bmv2] [T] [thread 5791] bm_mc_node_associate
[13:12:21.780] [bmv2] [D] [thread 5791] node associated with mgid 1
[13:12:21.781] [bmv2] [T] [thread 5791] bm_mc_node_associate
[13:12:21.781] [bmv2] [D] [thread 5791] node associated with mgid 1
[13:12:21.781] [bmv2] [T] [thread 5791] bm_register_write
[13:12:21.781] [bmv2] [T] [thread 5791] bm_register_write
[13:12:21.782] [bmv2] [T] [thread 5791] bm_register_write
[13:12:21.782] [bmv2] [T] [thread 5791] bm_register_write
[13:12:21.782] [bmv2] [T] [thread 5791] bm_register_write
[13:12:21.782] [bmv2] [T] [thread 5791] bm_register_write
[13:12:21.783] [bmv2] [T] [thread 5791] bm_register_write
[13:12:21.783] [bmv2] [T] [thread 5791] bm_register_write
[13:12:21.783] [bmv2] [T] [thread 5791] bm_register_write
[13:12:21.784] [bmv2] [T] [thread 5791] bm_register_write
[13:12:21.784] [bmv2] [T] [thread 5791] bm_register_write
[13:12:21.784] [bmv2] [T] [thread 5791] bm_register_write
[13:12:21.784] [bmv2] [T] [thread 5791] bm_register_write
[13:12:21.785] [bmv2] [T] [thread 5791] bm_register_write
[13:12:21.785] [bmv2] [T] [thread 5791] bm_register_write
[13:12:21.785] [bmv2] [T] [thread 5791] bm_register_write
[13:12:21.786] [bmv2] [T] [thread 5791] bm_register_write
[13:12:21.786] [bmv2] [T] [thread 5791] bm_register_write
[13:12:21.787] [bmv2] [T] [thread 5791] bm_register_write
[13:12:21.787] [bmv2] [T] [thread 5791] bm_register_write
[13:12:21.787] [bmv2] [T] [thread 5791] bm_register_write
[13:12:21.788] [bmv2] [T] [thread 5791] bm_register_write
[13:12:21.788] [bmv2] [T] [thread 5791] bm_register_write
[13:12:21.788] [bmv2] [T] [thread 5791] bm_register_write
[13:12:21.789] [bmv2] [T] [thread 5791] bm_register_write
[13:12:21.789] [bmv2] [T] [thread 5791] bm_register_write
[13:12:21.790] [bmv2] [T] [thread 5791] bm_register_write
[13:12:21.790] [bmv2] [T] [thread 5791] bm_register_write
[13:12:21.790] [bmv2] [T] [thread 5791] bm_register_write
[13:12:21.790] [bmv2] [T] [thread 5791] bm_register_write
[13:12:21.791] [bmv2] [T] [thread 5791] bm_register_write
[13:12:21.791] [bmv2] [T] [thread 5791] bm_register_write
[13:12:21.791] [bmv2] [T] [thread 5791] bm_register_write
[13:12:21.792] [bmv2] [T] [thread 5791] bm_register_write
[13:12:21.792] [bmv2] [T] [thread 5791] bm_register_write
[13:12:21.792] [bmv2] [T] [thread 5791] bm_register_write
[13:12:21.793] [bmv2] [T] [thread 5791] bm_register_write
[13:12:21.793] [bmv2] [T] [thread 5791] bm_register_write
[13:12:21.793] [bmv2] [T] [thread 5791] bm_register_write
[13:12:21.794] [bmv2] [T] [thread 5791] bm_register_write
[13:12:21.794] [bmv2] [T] [thread 5791] bm_register_write
[13:12:21.794] [bmv2] [T] [thread 5791] bm_register_write
[13:12:21.794] [bmv2] [T] [thread 5791] bm_register_write
[13:12:21.795] [bmv2] [T] [thread 5791] bm_register_write
[13:12:21.795] [bmv2] [T] [thread 5791] bm_register_write
[13:12:21.795] [bmv2] [T] [thread 5791] bm_register_write
[13:12:21.796] [bmv2] [T] [thread 5791] bm_register_write
[13:12:21.796] [bmv2] [T] [thread 5791] bm_register_write
[13:12:21.796] [bmv2] [T] [thread 5791] bm_register_write
[13:12:21.797] [bmv2] [T] [thread 5791] bm_register_write
[13:12:21.797] [bmv2] [T] [thread 5791] bm_register_write
[13:12:21.797] [bmv2] [T] [thread 5791] bm_register_write
[13:12:21.798] [bmv2] [T] [thread 5791] bm_register_write
[13:12:21.798] [bmv2] [T] [thread 5791] bm_register_write
[13:12:21.798] [bmv2] [T] [thread 5791] bm_register_write
[13:12:21.799] [bmv2] [T] [thread 5791] bm_register_write
[13:12:21.799] [bmv2] [T] [thread 5791] bm_register_write
[13:12:21.799] [bmv2] [T] [thread 5791] bm_register_write
[13:12:21.800] [bmv2] [T] [thread 5791] bm_register_write
[13:12:21.800] [bmv2] [T] [thread 5791] bm_register_write
[13:12:21.800] [bmv2] [T] [thread 5791] bm_register_write
[13:12:21.800] [bmv2] [T] [thread 5791] bm_register_write
[13:12:21.801] [bmv2] [T] [thread 5791] bm_register_write
[13:12:21.801] [bmv2] [T] [thread 5791] bm_register_write
[13:12:21.801] [bmv2] [T] [thread 5791] bm_register_write
[13:12:21.802] [bmv2] [T] [thread 5791] bm_register_write
[13:12:21.802] [bmv2] [T] [thread 5791] bm_register_write
[13:12:21.802] [bmv2] [T] [thread 5791] bm_register_write
[13:12:21.803] [bmv2] [T] [thread 5791] bm_register_write
[13:12:21.803] [bmv2] [T] [thread 5791] bm_register_write
[13:12:21.803] [bmv2] [T] [thread 5791] bm_register_write
[13:12:21.804] [bmv2] [T] [thread 5791] bm_register_write
[13:12:21.804] [bmv2] [T] [thread 5791] bm_register_write
[13:12:21.804] [bmv2] [T] [thread 5791] bm_register_write
[13:12:21.805] [bmv2] [T] [thread 5791] bm_register_write
[13:12:21.805] [bmv2] [T] [thread 5791] bm_register_write
[13:12:21.805] [bmv2] [T] [thread 5791] bm_register_write
[13:12:21.805] [bmv2] [T] [thread 5791] bm_register_write
[13:12:21.806] [bmv2] [T] [thread 5791] bm_register_write
[13:12:21.806] [bmv2] [T] [thread 5791] bm_register_write
[13:12:21.806] [bmv2] [T] [thread 5791] bm_register_write
[13:12:21.806] [bmv2] [T] [thread 5791] bm_register_write
[13:12:21.807] [bmv2] [T] [thread 5791] bm_register_write
[13:12:21.807] [bmv2] [T] [thread 5791] bm_register_write
[13:12:21.807] [bmv2] [T] [thread 5791] bm_register_write
[13:12:21.808] [bmv2] [T] [thread 5791] bm_register_write
[13:12:21.808] [bmv2] [T] [thread 5791] bm_register_write
[13:12:21.809] [bmv2] [T] [thread 5791] bm_register_write
[13:12:21.809] [bmv2] [T] [thread 5791] bm_register_write
[13:12:21.809] [bmv2] [T] [thread 5791] bm_register_write
[13:12:21.810] [bmv2] [T] [thread 5791] bm_register_write
[13:12:21.811] [bmv2] [T] [thread 5791] bm_register_write
[13:12:21.811] [bmv2] [T] [thread 5791] bm_register_write
[13:12:21.812] [bmv2] [T] [thread 5791] bm_register_write
[13:12:21.812] [bmv2] [T] [thread 5791] bm_register_write
[13:12:21.813] [bmv2] [T] [thread 5791] bm_register_write
[13:12:21.813] [bmv2] [T] [thread 5791] bm_register_write
[13:12:21.814] [bmv2] [T] [thread 5791] bm_register_write
[13:12:21.814] [bmv2] [T] [thread 5791] bm_register_write
[13:12:21.814] [bmv2] [T] [thread 5791] bm_register_write
[13:12:21.815] [bmv2] [T] [thread 5791] bm_register_write
[13:12:21.815] [bmv2] [T] [thread 5791] bm_register_write
[13:12:21.815] [bmv2] [T] [thread 5791] bm_register_write
[13:12:21.816] [bmv2] [T] [thread 5791] bm_register_write
[13:12:21.816] [bmv2] [T] [thread 5791] bm_register_write
[13:12:21.816] [bmv2] [T] [thread 5791] bm_register_write
[13:12:21.817] [bmv2] [T] [thread 5791] bm_register_write
[13:12:21.817] [bmv2] [T] [thread 5791] bm_register_write
[13:12:21.817] [bmv2] [T] [thread 5791] bm_register_write
[13:12:21.818] [bmv2] [T] [thread 5791] bm_register_write
[13:12:21.818] [bmv2] [T] [thread 5791] bm_register_write
[13:12:21.818] [bmv2] [T] [thread 5791] bm_register_write
[13:12:21.819] [bmv2] [T] [thread 5791] bm_register_write
[13:12:21.819] [bmv2] [T] [thread 5791] bm_register_write
[13:12:21.819] [bmv2] [T] [thread 5791] bm_register_write
[13:12:21.820] [bmv2] [T] [thread 5791] bm_register_write
[13:12:21.820] [bmv2] [T] [thread 5791] bm_register_write
[13:12:21.820] [bmv2] [T] [thread 5791] bm_register_write
[13:12:21.820] [bmv2] [T] [thread 5791] bm_register_write
[13:12:21.821] [bmv2] [T] [thread 5791] bm_register_write
[13:12:21.821] [bmv2] [T] [thread 5791] bm_register_write
[13:12:21.821] [bmv2] [T] [thread 5791] bm_register_write
[13:12:21.822] [bmv2] [T] [thread 5791] bm_register_write
[13:12:21.822] [bmv2] [T] [thread 5791] bm_register_write
[13:12:21.822] [bmv2] [T] [thread 5791] bm_register_write
[13:12:21.822] [bmv2] [T] [thread 5791] bm_register_write
[13:12:21.823] [bmv2] [T] [thread 5791] bm_register_write
[13:12:21.823] [bmv2] [T] [thread 5791] bm_register_write
[13:12:21.823] [bmv2] [T] [thread 5791] bm_register_write
[13:12:21.823] [bmv2] [T] [thread 5791] bm_register_write
[13:12:21.824] [bmv2] [T] [thread 5791] bm_register_write
[13:12:21.824] [bmv2] [T] [thread 5791] bm_register_write
[13:12:21.824] [bmv2] [T] [thread 5791] bm_register_write
[13:12:21.824] [bmv2] [T] [thread 5791] bm_register_write
[13:12:21.825] [bmv2] [T] [thread 5791] bm_register_write
[13:12:21.825] [bmv2] [T] [thread 5791] bm_register_write
[13:12:21.825] [bmv2] [T] [thread 5791] bm_register_write
[13:12:21.826] [bmv2] [T] [thread 5791] bm_register_write
[13:12:21.826] [bmv2] [T] [thread 5791] bm_register_write
[13:12:21.826] [bmv2] [T] [thread 5791] bm_register_write
[13:12:21.827] [bmv2] [T] [thread 5791] bm_register_write
[13:12:21.827] [bmv2] [T] [thread 5791] bm_register_write
[13:12:21.827] [bmv2] [T] [thread 5791] bm_register_write
[13:12:21.827] [bmv2] [T] [thread 5791] bm_register_write
[13:12:21.828] [bmv2] [T] [thread 5791] bm_register_write
[13:12:21.828] [bmv2] [T] [thread 5791] bm_register_write
[13:12:21.829] [bmv2] [T] [thread 5791] bm_register_write
[13:12:21.829] [bmv2] [T] [thread 5791] bm_register_write
[13:12:21.829] [bmv2] [T] [thread 5791] bm_register_write
[13:12:21.829] [bmv2] [T] [thread 5791] bm_register_write
[13:12:21.830] [bmv2] [T] [thread 5791] bm_register_write
[13:12:21.830] [bmv2] [T] [thread 5791] bm_register_write
[13:12:21.830] [bmv2] [T] [thread 5791] bm_register_write
[13:12:21.830] [bmv2] [T] [thread 5791] bm_register_write
[13:12:21.831] [bmv2] [T] [thread 5791] bm_register_write
[13:12:21.831] [bmv2] [T] [thread 5791] bm_register_write
[13:12:21.831] [bmv2] [T] [thread 5791] bm_register_write
[13:12:21.831] [bmv2] [T] [thread 5791] bm_register_write
[13:12:21.832] [bmv2] [T] [thread 5791] bm_register_write
[13:12:21.832] [bmv2] [T] [thread 5791] bm_register_write
[13:12:21.832] [bmv2] [T] [thread 5791] bm_register_write
[13:12:21.832] [bmv2] [T] [thread 5791] bm_register_write
[13:12:21.833] [bmv2] [T] [thread 5791] bm_register_write
[13:12:21.833] [bmv2] [T] [thread 5791] bm_register_write
[13:12:21.833] [bmv2] [T] [thread 5791] bm_register_write
[13:12:21.833] [bmv2] [T] [thread 5791] bm_register_write
[13:12:21.834] [bmv2] [T] [thread 5791] bm_register_write
[13:12:21.834] [bmv2] [T] [thread 5791] bm_register_write
[13:12:21.834] [bmv2] [T] [thread 5791] bm_register_write
[13:12:21.835] [bmv2] [T] [thread 5791] bm_register_write
[13:12:21.835] [bmv2] [T] [thread 5791] bm_register_write
[13:12:21.835] [bmv2] [T] [thread 5791] bm_register_write
[13:12:21.836] [bmv2] [T] [thread 5791] bm_register_write
[13:12:21.836] [bmv2] [T] [thread 5791] bm_register_write
[13:12:21.836] [bmv2] [T] [thread 5791] bm_register_write
[13:12:21.836] [bmv2] [T] [thread 5791] bm_register_write
[13:12:21.837] [bmv2] [T] [thread 5791] bm_register_write
[13:12:21.837] [bmv2] [T] [thread 5791] bm_register_write
[13:12:21.837] [bmv2] [T] [thread 5791] bm_register_write
[13:12:21.838] [bmv2] [T] [thread 5791] bm_register_write
[13:12:21.838] [bmv2] [T] [thread 5791] bm_register_write
[13:12:21.838] [bmv2] [T] [thread 5791] bm_register_write
[13:12:21.838] [bmv2] [T] [thread 5791] bm_register_write
[13:12:21.838] [bmv2] [T] [thread 5791] bm_register_write
[13:12:21.839] [bmv2] [T] [thread 5791] bm_register_write
[13:12:21.839] [bmv2] [T] [thread 5791] bm_register_write
[13:12:21.839] [bmv2] [T] [thread 5791] bm_register_write
[13:12:21.839] [bmv2] [T] [thread 5791] bm_register_write
[13:12:21.840] [bmv2] [T] [thread 5791] bm_register_write
[13:12:21.840] [bmv2] [T] [thread 5791] bm_register_write
[13:12:21.840] [bmv2] [T] [thread 5791] bm_register_write
[13:12:21.840] [bmv2] [T] [thread 5791] bm_register_write
[13:12:21.841] [bmv2] [T] [thread 5791] bm_register_write
[13:12:21.841] [bmv2] [T] [thread 5791] bm_register_write
[13:12:21.841] [bmv2] [T] [thread 5791] bm_register_write
[13:12:21.842] [bmv2] [T] [thread 5791] bm_register_write
[13:12:21.842] [bmv2] [T] [thread 5791] bm_register_write
[13:12:21.842] [bmv2] [T] [thread 5791] bm_register_write
[13:12:21.842] [bmv2] [T] [thread 5791] bm_register_write
[13:12:21.843] [bmv2] [T] [thread 5791] bm_register_write
[13:12:21.843] [bmv2] [T] [thread 5791] bm_register_write
[13:12:21.843] [bmv2] [T] [thread 5791] bm_register_write
[13:12:21.843] [bmv2] [T] [thread 5791] bm_register_write
[13:12:21.844] [bmv2] [T] [thread 5791] bm_register_write
[13:12:21.844] [bmv2] [T] [thread 5791] bm_register_write
[13:12:21.844] [bmv2] [T] [thread 5791] bm_register_write
[13:12:21.844] [bmv2] [T] [thread 5791] bm_register_write
[13:12:21.845] [bmv2] [T] [thread 5791] bm_register_write
[13:12:21.845] [bmv2] [T] [thread 5791] bm_register_write
[13:12:21.845] [bmv2] [T] [thread 5791] bm_register_write
[13:12:21.845] [bmv2] [T] [thread 5791] bm_register_write
[13:12:21.846] [bmv2] [T] [thread 5791] bm_register_write
[13:12:21.846] [bmv2] [T] [thread 5791] bm_register_write
[13:12:21.846] [bmv2] [T] [thread 5791] bm_register_write
[13:12:21.846] [bmv2] [T] [thread 5791] bm_register_write
[13:12:21.847] [bmv2] [T] [thread 5791] bm_register_write
[13:12:21.847] [bmv2] [T] [thread 5791] bm_register_write
[13:12:21.847] [bmv2] [T] [thread 5791] bm_register_write
[13:12:21.847] [bmv2] [T] [thread 5791] bm_register_write
[13:12:21.847] [bmv2] [T] [thread 5791] bm_register_write
[13:12:21.848] [bmv2] [T] [thread 5791] bm_register_write
[13:12:21.848] [bmv2] [T] [thread 5791] bm_register_write
[13:12:21.848] [bmv2] [T] [thread 5791] bm_register_write
[13:12:21.848] [bmv2] [T] [thread 5791] bm_register_write
[13:12:21.849] [bmv2] [T] [thread 5791] bm_register_write
[13:12:21.849] [bmv2] [T] [thread 5791] bm_register_write
[13:12:21.849] [bmv2] [T] [thread 5791] bm_register_write
[13:12:21.849] [bmv2] [T] [thread 5791] bm_register_write
[13:12:21.850] [bmv2] [T] [thread 5791] bm_register_write
[13:12:21.850] [bmv2] [T] [thread 5791] bm_register_write
[13:12:21.850] [bmv2] [T] [thread 5791] bm_register_write
[13:12:21.851] [bmv2] [T] [thread 5791] bm_register_write
[13:12:21.851] [bmv2] [T] [thread 5791] bm_register_write
[13:12:21.851] [bmv2] [T] [thread 5791] bm_register_write
[13:12:21.851] [bmv2] [T] [thread 5791] bm_register_write
[13:12:21.851] [bmv2] [T] [thread 5791] bm_register_write
[13:12:21.852] [bmv2] [T] [thread 5791] bm_register_write
[13:12:21.852] [bmv2] [T] [thread 5791] bm_register_write
[13:12:21.852] [bmv2] [T] [thread 5791] bm_register_write
[13:12:21.852] [bmv2] [T] [thread 5791] bm_register_write
[13:12:21.853] [bmv2] [T] [thread 5791] bm_register_write
[13:12:21.853] [bmv2] [T] [thread 5791] bm_register_write
[13:12:21.853] [bmv2] [T] [thread 5791] bm_register_write
[13:12:21.854] [bmv2] [T] [thread 5791] bm_register_write
[13:12:21.854] [bmv2] [T] [thread 5791] bm_register_write
[13:12:21.854] [bmv2] [T] [thread 5791] bm_register_write
[13:12:21.854] [bmv2] [T] [thread 5791] bm_register_write
[13:12:21.855] [bmv2] [T] [thread 5791] bm_register_write
[13:12:21.855] [bmv2] [T] [thread 5791] bm_register_write
[13:12:21.855] [bmv2] [T] [thread 5791] bm_register_write
[13:12:21.855] [bmv2] [T] [thread 5791] bm_register_write
[13:12:21.855] [bmv2] [T] [thread 5791] bm_register_write
[13:12:21.856] [bmv2] [T] [thread 5791] bm_register_write
[13:12:21.856] [bmv2] [T] [thread 5791] bm_register_write
[13:12:21.856] [bmv2] [T] [thread 5791] bm_register_write
[13:12:21.856] [bmv2] [T] [thread 5791] bm_register_write
[13:12:21.857] [bmv2] [T] [thread 5791] bm_register_write
[13:12:21.857] [bmv2] [T] [thread 5791] bm_register_write
[13:12:21.857] [bmv2] [T] [thread 5791] bm_register_write
[13:12:21.857] [bmv2] [T] [thread 5791] bm_register_write
[13:12:21.858] [bmv2] [T] [thread 5791] bm_register_write
[13:12:21.858] [bmv2] [T] [thread 5791] bm_register_write
[13:12:21.858] [bmv2] [T] [thread 5791] bm_register_write
[13:12:21.858] [bmv2] [T] [thread 5791] bm_register_write
[13:12:21.858] [bmv2] [T] [thread 5791] bm_register_write
[13:12:21.859] [bmv2] [T] [thread 5791] bm_register_write
[13:12:21.859] [bmv2] [T] [thread 5791] bm_register_write
[13:12:21.860] [bmv2] [T] [thread 5791] bm_register_write
[13:12:21.860] [bmv2] [T] [thread 5791] bm_register_write
[13:12:21.860] [bmv2] [T] [thread 5791] bm_register_write
[13:12:21.860] [bmv2] [T] [thread 5791] bm_register_write
[13:12:21.861] [bmv2] [T] [thread 5791] bm_register_write
[13:12:21.861] [bmv2] [T] [thread 5791] bm_register_write
[13:12:21.861] [bmv2] [T] [thread 5791] bm_register_write
[13:12:21.861] [bmv2] [T] [thread 5791] bm_register_write
[13:12:21.862] [bmv2] [T] [thread 5791] bm_register_write
[13:12:21.862] [bmv2] [T] [thread 5791] bm_register_write
[13:12:21.862] [bmv2] [T] [thread 5791] bm_register_write
[13:12:21.862] [bmv2] [T] [thread 5791] bm_register_write
[13:12:21.863] [bmv2] [T] [thread 5791] bm_register_write
[13:12:21.863] [bmv2] [T] [thread 5791] bm_register_write
[13:12:21.863] [bmv2] [T] [thread 5791] bm_register_write
[13:12:21.863] [bmv2] [T] [thread 5791] bm_register_write
[13:12:21.864] [bmv2] [T] [thread 5791] bm_register_write
[13:12:21.864] [bmv2] [T] [thread 5791] bm_register_write
[13:12:21.864] [bmv2] [T] [thread 5791] bm_register_write
[13:12:21.864] [bmv2] [T] [thread 5791] bm_register_write
[13:12:21.865] [bmv2] [T] [thread 5791] bm_register_write
[13:12:21.865] [bmv2] [T] [thread 5791] bm_register_write
[13:12:21.865] [bmv2] [T] [thread 5791] bm_register_write
[13:12:21.865] [bmv2] [T] [thread 5791] bm_register_write
[13:12:21.866] [bmv2] [T] [thread 5791] bm_register_write
[13:12:21.866] [bmv2] [T] [thread 5791] bm_register_write
[13:12:21.866] [bmv2] [T] [thread 5791] bm_register_write
[13:12:21.866] [bmv2] [T] [thread 5791] bm_register_write
[13:12:21.866] [bmv2] [T] [thread 5791] bm_register_write
[13:12:21.867] [bmv2] [T] [thread 5791] bm_register_write
[13:12:21.867] [bmv2] [T] [thread 5791] bm_register_write
[13:12:21.867] [bmv2] [T] [thread 5791] bm_register_write
[13:12:21.867] [bmv2] [T] [thread 5791] bm_register_write
[13:12:21.868] [bmv2] [T] [thread 5791] bm_register_write
[13:12:21.868] [bmv2] [T] [thread 5791] bm_register_write
[13:12:21.868] [bmv2] [T] [thread 5791] bm_register_write
[13:12:21.868] [bmv2] [T] [thread 5791] bm_register_write
[13:12:21.869] [bmv2] [T] [thread 5791] bm_register_write
[13:12:21.869] [bmv2] [T] [thread 5791] bm_register_write
[13:12:21.869] [bmv2] [T] [thread 5791] bm_register_write
[13:12:21.869] [bmv2] [T] [thread 5791] bm_register_write
[13:12:21.870] [bmv2] [T] [thread 5791] bm_register_write
[13:12:21.870] [bmv2] [T] [thread 5791] bm_register_write
[13:12:21.870] [bmv2] [T] [thread 5791] bm_register_write
[13:12:21.871] [bmv2] [T] [thread 5791] bm_register_write
[13:12:21.871] [bmv2] [T] [thread 5791] bm_register_write
[13:12:21.871] [bmv2] [T] [thread 5791] bm_register_write
[13:12:21.871] [bmv2] [T] [thread 5791] bm_register_write
[13:12:21.871] [bmv2] [T] [thread 5791] bm_register_write
[13:12:21.872] [bmv2] [T] [thread 5791] bm_register_write
[13:12:21.872] [bmv2] [T] [thread 5791] bm_register_write
[13:12:21.872] [bmv2] [T] [thread 5791] bm_register_write
[13:12:21.872] [bmv2] [T] [thread 5791] bm_register_write
[13:12:21.873] [bmv2] [T] [thread 5791] bm_register_write
[13:12:21.873] [bmv2] [T] [thread 5791] bm_register_write
[13:12:21.873] [bmv2] [T] [thread 5791] bm_register_write
[13:12:21.873] [bmv2] [T] [thread 5791] bm_register_write
[13:12:21.874] [bmv2] [T] [thread 5791] bm_register_write
[13:12:21.874] [bmv2] [T] [thread 5791] bm_register_write
[13:12:21.874] [bmv2] [T] [thread 5791] bm_register_write
[13:12:21.874] [bmv2] [T] [thread 5791] bm_register_write
[13:12:21.874] [bmv2] [T] [thread 5791] bm_register_write
[13:12:21.875] [bmv2] [T] [thread 5791] bm_register_write
[13:12:21.875] [bmv2] [T] [thread 5791] bm_register_write
[13:12:21.875] [bmv2] [T] [thread 5791] bm_register_write
[13:12:21.875] [bmv2] [T] [thread 5791] bm_register_write
[13:12:21.876] [bmv2] [T] [thread 5791] bm_register_write
[13:12:21.876] [bmv2] [T] [thread 5791] bm_register_write
[13:12:21.876] [bmv2] [T] [thread 5791] bm_register_write
[13:12:21.876] [bmv2] [T] [thread 5791] bm_register_write
[13:12:21.877] [bmv2] [T] [thread 5791] bm_register_write
[13:12:21.880] [bmv2] [T] [thread 5791] bm_register_write
[13:12:21.881] [bmv2] [T] [thread 5791] bm_register_write
[13:12:21.881] [bmv2] [T] [thread 5791] bm_register_write
[13:12:21.881] [bmv2] [T] [thread 5791] bm_register_write
[13:12:21.882] [bmv2] [T] [thread 5791] bm_register_write
[13:12:21.882] [bmv2] [T] [thread 5791] bm_register_write
[13:12:21.882] [bmv2] [T] [thread 5791] bm_register_write
[13:12:21.883] [bmv2] [T] [thread 5791] bm_register_write
[13:12:21.883] [bmv2] [T] [thread 5791] bm_register_write
[13:12:21.883] [bmv2] [T] [thread 5791] bm_register_write
[13:12:21.884] [bmv2] [T] [thread 5791] bm_register_write
[13:12:21.884] [bmv2] [T] [thread 5791] bm_register_write
[13:12:21.884] [bmv2] [T] [thread 5791] bm_register_write
[13:12:21.885] [bmv2] [T] [thread 5791] bm_register_write
[13:12:21.885] [bmv2] [T] [thread 5791] bm_register_write
[13:12:21.886] [bmv2] [T] [thread 5791] bm_register_write
[13:12:21.886] [bmv2] [T] [thread 5791] bm_register_write
[13:12:21.886] [bmv2] [T] [thread 5791] bm_register_write
[13:12:21.887] [bmv2] [T] [thread 5791] bm_register_write
[13:12:21.887] [bmv2] [T] [thread 5791] bm_register_write
[13:12:21.888] [bmv2] [T] [thread 5791] bm_register_write
[13:12:21.888] [bmv2] [T] [thread 5791] bm_register_write
[13:12:21.888] [bmv2] [T] [thread 5791] bm_register_write
[13:12:21.889] [bmv2] [T] [thread 5791] bm_register_write
[13:12:21.889] [bmv2] [T] [thread 5791] bm_register_write
[13:12:21.889] [bmv2] [T] [thread 5791] bm_register_write
[13:12:21.890] [bmv2] [T] [thread 5791] bm_register_write
[13:12:21.890] [bmv2] [T] [thread 5791] bm_register_write
[13:12:21.890] [bmv2] [T] [thread 5791] bm_register_write
[13:12:21.891] [bmv2] [T] [thread 5791] bm_register_write
[13:12:21.891] [bmv2] [T] [thread 5791] bm_register_write
[13:12:21.891] [bmv2] [T] [thread 5791] bm_register_write
[13:12:21.892] [bmv2] [T] [thread 5791] bm_register_write
[13:12:21.892] [bmv2] [T] [thread 5791] bm_register_write
[13:12:21.893] [bmv2] [T] [thread 5791] bm_register_write
[13:12:21.893] [bmv2] [T] [thread 5791] bm_register_write
[13:12:21.894] [bmv2] [T] [thread 5791] bm_register_write
[13:12:21.894] [bmv2] [T] [thread 5791] bm_register_write
[13:12:21.894] [bmv2] [T] [thread 5791] bm_register_write
[13:12:21.894] [bmv2] [T] [thread 5791] bm_register_write
[13:12:21.895] [bmv2] [T] [thread 5791] bm_register_write
[13:12:21.895] [bmv2] [T] [thread 5791] bm_register_write
[13:12:21.895] [bmv2] [T] [thread 5791] bm_register_write
[13:12:21.895] [bmv2] [T] [thread 5791] bm_register_write
[13:12:21.896] [bmv2] [T] [thread 5791] bm_register_write
[13:12:21.896] [bmv2] [T] [thread 5791] bm_register_write
[13:12:21.896] [bmv2] [T] [thread 5791] bm_register_write
[13:12:21.897] [bmv2] [T] [thread 5791] bm_register_write
[13:12:21.897] [bmv2] [T] [thread 5791] bm_register_write
[13:12:21.897] [bmv2] [T] [thread 5791] bm_register_write
[13:12:21.897] [bmv2] [T] [thread 5791] bm_register_write
[13:12:21.898] [bmv2] [T] [thread 5791] bm_register_write
[13:12:21.898] [bmv2] [T] [thread 5791] bm_register_write
[13:12:21.898] [bmv2] [T] [thread 5791] bm_register_write
[13:12:21.898] [bmv2] [T] [thread 5791] bm_register_write
[13:12:21.899] [bmv2] [T] [thread 5791] bm_register_write
[13:12:21.899] [bmv2] [T] [thread 5791] bm_register_write
[13:12:21.899] [bmv2] [T] [thread 5791] bm_register_write
[13:12:21.899] [bmv2] [T] [thread 5791] bm_register_write
[13:12:21.900] [bmv2] [T] [thread 5791] bm_register_write
[13:12:21.900] [bmv2] [T] [thread 5791] bm_register_write
[13:12:21.900] [bmv2] [T] [thread 5791] bm_register_write
[13:12:21.901] [bmv2] [T] [thread 5791] bm_register_write
[13:12:21.901] [bmv2] [T] [thread 5791] bm_register_write
[13:12:21.901] [bmv2] [T] [thread 5791] bm_register_write
[13:12:21.901] [bmv2] [T] [thread 5791] bm_register_write
[13:12:21.902] [bmv2] [T] [thread 5791] bm_register_write
[13:12:21.902] [bmv2] [T] [thread 5791] bm_register_write
[13:12:21.902] [bmv2] [T] [thread 5791] bm_register_write
[13:12:21.903] [bmv2] [T] [thread 5791] bm_register_write
[13:12:21.903] [bmv2] [T] [thread 5791] bm_register_write
[13:12:21.903] [bmv2] [T] [thread 5791] bm_register_write
[13:12:21.903] [bmv2] [T] [thread 5791] bm_register_write
[13:12:21.904] [bmv2] [T] [thread 5791] bm_register_write
[13:12:21.904] [bmv2] [T] [thread 5791] bm_register_write
[13:12:21.904] [bmv2] [T] [thread 5791] bm_register_write
[13:12:21.905] [bmv2] [T] [thread 5791] bm_register_write
[13:12:21.905] [bmv2] [T] [thread 5791] bm_register_write
[13:12:21.905] [bmv2] [T] [thread 5791] bm_register_write
[13:12:21.905] [bmv2] [T] [thread 5791] bm_register_write
[13:12:21.906] [bmv2] [T] [thread 5791] bm_register_write
[13:12:21.906] [bmv2] [T] [thread 5791] bm_register_write
[13:12:21.906] [bmv2] [T] [thread 5791] bm_register_write
[13:12:21.907] [bmv2] [T] [thread 5791] bm_register_write
[13:12:21.907] [bmv2] [T] [thread 5791] bm_register_write
[13:12:21.907] [bmv2] [T] [thread 5791] bm_register_write
[13:12:21.907] [bmv2] [T] [thread 5791] bm_register_write
[13:12:21.908] [bmv2] [T] [thread 5791] bm_register_write
[13:12:21.908] [bmv2] [T] [thread 5791] bm_register_write
[13:12:21.908] [bmv2] [T] [thread 5791] bm_register_write
[13:12:21.908] [bmv2] [T] [thread 5791] bm_register_write
[13:12:21.909] [bmv2] [T] [thread 5791] bm_register_write
[13:12:21.909] [bmv2] [T] [thread 5791] bm_register_write
[13:12:21.909] [bmv2] [T] [thread 5791] bm_register_write
[13:12:21.910] [bmv2] [T] [thread 5791] bm_register_write
[13:12:21.910] [bmv2] [T] [thread 5791] bm_register_write
[13:12:21.910] [bmv2] [T] [thread 5791] bm_register_write
[13:12:21.910] [bmv2] [T] [thread 5791] bm_register_write
[13:12:21.911] [bmv2] [T] [thread 5791] bm_register_write
[13:12:21.911] [bmv2] [T] [thread 5791] bm_register_write
[13:12:21.911] [bmv2] [T] [thread 5791] bm_register_write
[13:12:21.911] [bmv2] [T] [thread 5791] bm_register_write
[13:12:21.911] [bmv2] [T] [thread 5791] bm_register_write
[13:12:21.912] [bmv2] [T] [thread 5791] bm_register_write
[13:12:21.912] [bmv2] [T] [thread 5791] bm_register_write
[13:12:21.912] [bmv2] [T] [thread 5791] bm_register_write
[13:12:21.912] [bmv2] [T] [thread 5791] bm_register_write
[13:12:21.913] [bmv2] [T] [thread 5791] bm_register_write
[13:12:21.913] [bmv2] [T] [thread 5791] bm_register_write
[13:12:21.913] [bmv2] [T] [thread 5791] bm_register_write
[13:12:21.913] [bmv2] [T] [thread 5791] bm_register_write
[13:12:21.914] [bmv2] [T] [thread 5791] bm_register_write
[13:12:21.914] [bmv2] [T] [thread 5791] bm_register_write
[13:12:21.914] [bmv2] [T] [thread 5791] bm_register_write
[13:12:21.914] [bmv2] [T] [thread 5791] bm_register_write
[13:12:21.915] [bmv2] [T] [thread 5791] bm_register_write
[13:12:21.915] [bmv2] [T] [thread 5791] bm_register_write
[13:12:21.915] [bmv2] [T] [thread 5791] bm_register_write
[13:12:21.915] [bmv2] [T] [thread 5791] bm_register_write
[13:12:21.915] [bmv2] [T] [thread 5791] bm_register_write
[13:12:21.916] [bmv2] [T] [thread 5791] bm_register_write
[13:12:21.916] [bmv2] [T] [thread 5791] bm_register_write
[13:12:21.916] [bmv2] [T] [thread 5791] bm_register_write
[13:12:21.916] [bmv2] [T] [thread 5791] bm_register_write
[13:12:21.917] [bmv2] [T] [thread 5791] bm_register_write
[13:12:21.917] [bmv2] [T] [thread 5791] bm_register_write
[13:12:21.917] [bmv2] [T] [thread 5791] bm_register_write
[13:12:21.917] [bmv2] [T] [thread 5791] bm_register_write
[13:12:21.918] [bmv2] [T] [thread 5791] bm_register_write
[13:12:21.918] [bmv2] [T] [thread 5791] bm_register_write
[13:12:21.918] [bmv2] [T] [thread 5791] bm_register_write
[13:12:21.918] [bmv2] [T] [thread 5791] bm_register_write
[13:12:21.918] [bmv2] [T] [thread 5791] bm_register_write
[13:12:21.919] [bmv2] [T] [thread 5791] bm_register_write
[13:12:21.919] [bmv2] [T] [thread 5791] bm_register_write
[13:12:21.919] [bmv2] [T] [thread 5791] bm_register_write
[13:12:21.920] [bmv2] [T] [thread 5791] bm_register_write
[13:12:21.920] [bmv2] [T] [thread 5791] bm_register_write
[13:12:21.920] [bmv2] [T] [thread 5791] bm_register_write
[13:12:21.920] [bmv2] [T] [thread 5791] bm_register_write
[13:12:21.921] [bmv2] [T] [thread 5791] bm_register_write
[13:12:21.921] [bmv2] [T] [thread 5791] bm_register_write
[13:12:21.921] [bmv2] [T] [thread 5791] bm_register_write
[13:12:21.922] [bmv2] [T] [thread 5791] bm_register_write
[13:12:21.922] [bmv2] [T] [thread 5791] bm_register_write
[13:12:21.922] [bmv2] [T] [thread 5791] bm_register_write
[13:12:21.923] [bmv2] [T] [thread 5791] bm_register_write
[13:12:21.923] [bmv2] [T] [thread 5791] bm_register_write
[13:12:21.923] [bmv2] [T] [thread 5791] bm_register_write
[13:12:21.924] [bmv2] [T] [thread 5791] bm_register_write
[13:12:21.924] [bmv2] [T] [thread 5791] bm_register_write
[13:12:21.924] [bmv2] [T] [thread 5791] bm_register_write
[13:12:21.924] [bmv2] [T] [thread 5791] bm_register_write
[13:12:21.925] [bmv2] [T] [thread 5791] bm_register_write
[13:12:21.925] [bmv2] [T] [thread 5791] bm_register_write
[13:12:21.925] [bmv2] [T] [thread 5791] bm_register_write
[13:12:21.926] [bmv2] [T] [thread 5791] bm_register_write
[13:12:21.926] [bmv2] [T] [thread 5791] bm_register_write
[13:12:21.926] [bmv2] [T] [thread 5791] bm_register_write
[13:12:21.926] [bmv2] [T] [thread 5791] bm_register_write
[13:12:21.927] [bmv2] [T] [thread 5791] bm_register_write
[13:12:21.927] [bmv2] [T] [thread 5791] bm_register_write
[13:12:21.927] [bmv2] [T] [thread 5791] bm_register_write
[13:12:21.927] [bmv2] [T] [thread 5791] bm_register_write
[13:12:21.928] [bmv2] [T] [thread 5791] bm_register_write
[13:12:21.928] [bmv2] [T] [thread 5791] bm_register_write
[13:12:21.928] [bmv2] [T] [thread 5791] bm_register_write
[13:12:21.929] [bmv2] [T] [thread 5791] bm_register_write
[13:12:21.929] [bmv2] [T] [thread 5791] bm_register_write
[13:12:21.929] [bmv2] [T] [thread 5791] bm_register_write
[13:12:21.929] [bmv2] [T] [thread 5791] bm_register_write
[13:12:21.930] [bmv2] [T] [thread 5791] bm_register_write
[13:12:21.930] [bmv2] [T] [thread 5791] bm_register_write
[13:12:21.930] [bmv2] [T] [thread 5791] bm_register_write
[13:12:21.931] [bmv2] [T] [thread 5791] bm_register_write
[13:12:21.931] [bmv2] [T] [thread 5791] bm_register_write
[13:12:21.931] [bmv2] [T] [thread 5791] bm_register_write
[13:12:21.932] [bmv2] [T] [thread 5791] bm_register_write
[13:12:21.932] [bmv2] [T] [thread 5791] bm_register_write
[13:12:21.932] [bmv2] [T] [thread 5791] bm_register_write
[13:12:21.933] [bmv2] [T] [thread 5791] bm_register_write
[13:12:21.933] [bmv2] [T] [thread 5791] bm_register_write
[13:12:21.933] [bmv2] [T] [thread 5791] bm_register_write
[13:12:21.934] [bmv2] [T] [thread 5791] bm_register_write
[13:12:21.934] [bmv2] [T] [thread 5791] bm_register_write
[13:12:21.934] [bmv2] [T] [thread 5791] bm_register_write
[13:12:21.935] [bmv2] [T] [thread 5791] bm_register_write
[13:12:21.935] [bmv2] [T] [thread 5791] bm_register_write
[13:12:21.935] [bmv2] [T] [thread 5791] bm_register_write
[13:12:21.936] [bmv2] [T] [thread 5791] bm_register_write
[13:12:21.936] [bmv2] [T] [thread 5791] bm_register_write
[13:12:21.936] [bmv2] [T] [thread 5791] bm_register_write
[13:12:21.937] [bmv2] [T] [thread 5791] bm_register_write
[13:12:21.937] [bmv2] [T] [thread 5791] bm_register_write
[13:12:21.937] [bmv2] [T] [thread 5791] bm_register_write
[13:12:21.938] [bmv2] [T] [thread 5791] bm_register_write
[13:12:21.938] [bmv2] [T] [thread 5791] bm_register_write
[13:12:21.938] [bmv2] [T] [thread 5791] bm_register_write
[13:12:21.939] [bmv2] [T] [thread 5791] bm_register_write
[13:12:21.939] [bmv2] [T] [thread 5791] bm_register_write
[13:12:21.940] [bmv2] [T] [thread 5791] bm_register_write
[13:12:21.940] [bmv2] [T] [thread 5791] bm_register_write
[13:12:21.940] [bmv2] [T] [thread 5791] bm_register_write
[13:12:21.941] [bmv2] [T] [thread 5791] bm_register_write
[13:12:21.941] [bmv2] [T] [thread 5791] bm_register_write
[13:12:21.941] [bmv2] [T] [thread 5791] bm_register_write
[13:12:21.942] [bmv2] [T] [thread 5791] bm_register_write
[13:12:21.942] [bmv2] [T] [thread 5791] bm_register_write
[13:12:21.942] [bmv2] [T] [thread 5791] bm_register_write
[13:12:21.943] [bmv2] [T] [thread 5791] bm_register_write
[13:12:21.943] [bmv2] [T] [thread 5791] bm_register_write
[13:12:21.943] [bmv2] [T] [thread 5791] bm_register_write
[13:12:21.944] [bmv2] [T] [thread 5791] bm_register_write
[13:12:21.944] [bmv2] [T] [thread 5791] bm_register_write
[13:12:21.944] [bmv2] [T] [thread 5791] bm_register_write
[13:12:21.945] [bmv2] [T] [thread 5791] bm_register_write
[13:12:21.945] [bmv2] [T] [thread 5791] bm_register_write
[13:12:21.946] [bmv2] [T] [thread 5791] bm_register_write
[13:12:21.946] [bmv2] [T] [thread 5791] bm_register_write
[13:12:21.946] [bmv2] [T] [thread 5791] bm_register_write
[13:12:21.947] [bmv2] [T] [thread 5791] bm_register_write
[13:12:21.947] [bmv2] [T] [thread 5791] bm_register_write
[13:12:21.947] [bmv2] [T] [thread 5791] bm_register_write
[13:12:21.948] [bmv2] [T] [thread 5791] bm_register_write
[13:12:21.948] [bmv2] [T] [thread 5791] bm_register_write
[13:12:21.948] [bmv2] [T] [thread 5791] bm_register_write
[13:12:21.949] [bmv2] [T] [thread 5791] bm_register_write
[13:12:21.949] [bmv2] [T] [thread 5791] bm_register_write
[13:12:21.949] [bmv2] [T] [thread 5791] bm_register_write
[13:12:21.950] [bmv2] [T] [thread 5791] bm_register_write
[13:12:21.950] [bmv2] [T] [thread 5791] bm_register_write
[13:12:21.951] [bmv2] [T] [thread 5791] bm_register_write
[13:12:21.951] [bmv2] [T] [thread 5791] bm_register_write
[13:12:21.951] [bmv2] [T] [thread 5791] bm_register_write
[13:12:21.952] [bmv2] [T] [thread 5791] bm_register_write
[13:12:21.952] [bmv2] [T] [thread 5791] bm_register_write
[13:12:21.952] [bmv2] [T] [thread 5791] bm_register_write
[13:12:21.952] [bmv2] [T] [thread 5791] bm_register_write
[13:12:21.953] [bmv2] [T] [thread 5791] bm_register_write
[13:12:21.954] [bmv2] [T] [thread 5791] bm_register_write
[13:12:21.954] [bmv2] [T] [thread 5791] bm_register_write
[13:12:21.954] [bmv2] [T] [thread 5791] bm_register_write
[13:12:21.955] [bmv2] [T] [thread 5791] bm_register_write
[13:12:21.955] [bmv2] [T] [thread 5791] bm_register_write
[13:12:21.955] [bmv2] [T] [thread 5791] bm_register_write
[13:12:21.956] [bmv2] [T] [thread 5791] bm_register_write
[13:12:21.956] [bmv2] [T] [thread 5791] bm_register_write
[13:12:21.956] [bmv2] [T] [thread 5791] bm_register_write
[13:12:21.956] [bmv2] [T] [thread 5791] bm_register_write
[13:12:21.957] [bmv2] [T] [thread 5791] bm_register_write
[13:12:21.957] [bmv2] [T] [thread 5791] bm_register_write
[13:12:21.957] [bmv2] [T] [thread 5791] bm_register_write
[13:12:21.958] [bmv2] [T] [thread 5791] bm_register_write
[13:12:21.958] [bmv2] [T] [thread 5791] bm_register_write
[13:12:21.958] [bmv2] [T] [thread 5791] bm_register_write
[13:12:21.959] [bmv2] [T] [thread 5791] bm_register_write
[13:12:21.959] [bmv2] [T] [thread 5791] bm_register_write
[13:12:21.959] [bmv2] [T] [thread 5791] bm_register_write
[13:12:21.959] [bmv2] [T] [thread 5791] bm_register_write
[13:12:21.960] [bmv2] [T] [thread 5791] bm_register_write
[13:12:21.960] [bmv2] [T] [thread 5791] bm_register_write
[13:12:21.960] [bmv2] [T] [thread 5791] bm_register_write
[13:12:21.961] [bmv2] [T] [thread 5791] bm_register_write
[13:12:21.961] [bmv2] [T] [thread 5791] bm_register_write
[13:12:21.962] [bmv2] [T] [thread 5791] bm_register_write
[13:12:21.962] [bmv2] [T] [thread 5791] bm_register_write
[13:12:21.962] [bmv2] [T] [thread 5791] bm_register_write
[13:12:21.963] [bmv2] [T] [thread 5791] bm_register_write
[13:12:21.963] [bmv2] [T] [thread 5791] bm_register_write
[13:12:21.963] [bmv2] [T] [thread 5791] bm_register_write
[13:12:21.964] [bmv2] [T] [thread 5791] bm_register_write
[13:12:21.964] [bmv2] [T] [thread 5791] bm_register_write
[13:12:21.964] [bmv2] [T] [thread 5791] bm_register_write
[13:12:21.964] [bmv2] [T] [thread 5791] bm_register_write
[13:12:21.965] [bmv2] [T] [thread 5791] bm_register_write
[13:12:21.965] [bmv2] [T] [thread 5791] bm_register_write
[13:12:21.965] [bmv2] [T] [thread 5791] bm_register_write
[13:12:21.966] [bmv2] [T] [thread 5791] bm_register_write
[13:12:21.966] [bmv2] [T] [thread 5791] bm_register_write
[13:12:21.966] [bmv2] [T] [thread 5791] bm_register_write
[13:12:21.966] [bmv2] [T] [thread 5791] bm_register_write
[13:12:21.967] [bmv2] [T] [thread 5791] bm_register_write
[13:12:21.967] [bmv2] [T] [thread 5791] bm_register_write
[13:12:21.967] [bmv2] [T] [thread 5791] bm_register_write
[13:12:21.968] [bmv2] [T] [thread 5791] bm_register_write
[13:12:21.968] [bmv2] [T] [thread 5791] bm_register_write
[13:12:21.968] [bmv2] [T] [thread 5791] bm_register_write
[13:12:21.969] [bmv2] [T] [thread 5791] bm_register_write
[13:12:21.969] [bmv2] [T] [thread 5791] bm_register_write
[13:12:21.970] [bmv2] [T] [thread 5791] bm_register_write
[13:12:21.970] [bmv2] [T] [thread 5791] bm_register_write
[13:12:21.971] [bmv2] [T] [thread 5791] bm_register_write
[13:12:21.971] [bmv2] [T] [thread 5791] bm_register_write
[13:12:21.971] [bmv2] [T] [thread 5791] bm_register_write
[13:12:21.972] [bmv2] [T] [thread 5791] bm_register_write
[13:12:21.972] [bmv2] [T] [thread 5791] bm_register_write
[13:12:21.972] [bmv2] [T] [thread 5791] bm_register_write
[13:12:21.973] [bmv2] [T] [thread 5791] bm_register_write
[13:12:21.973] [bmv2] [T] [thread 5791] bm_register_write
[13:12:21.973] [bmv2] [T] [thread 5791] bm_register_write
[13:12:21.974] [bmv2] [T] [thread 5791] bm_register_write
[13:12:21.974] [bmv2] [T] [thread 5791] bm_register_write
[13:12:21.974] [bmv2] [T] [thread 5791] bm_register_write
[13:12:21.975] [bmv2] [T] [thread 5791] bm_register_write
[13:12:21.975] [bmv2] [T] [thread 5791] bm_register_write
[13:12:21.975] [bmv2] [T] [thread 5791] bm_register_write
[13:12:21.975] [bmv2] [T] [thread 5791] bm_register_write
[13:12:21.976] [bmv2] [T] [thread 5791] bm_register_write
[13:12:21.976] [bmv2] [T] [thread 5791] bm_register_write
[13:12:21.976] [bmv2] [T] [thread 5791] bm_register_write
[13:12:21.977] [bmv2] [T] [thread 5791] bm_register_write
[13:12:21.977] [bmv2] [T] [thread 5791] bm_register_write
[13:12:21.977] [bmv2] [T] [thread 5791] bm_register_write
[13:12:21.978] [bmv2] [T] [thread 5791] bm_register_write
[13:12:21.978] [bmv2] [T] [thread 5791] bm_register_write
[13:12:21.978] [bmv2] [T] [thread 5791] bm_register_write
[13:12:21.979] [bmv2] [T] [thread 5791] bm_register_write
[13:12:21.979] [bmv2] [T] [thread 5791] bm_register_write
[13:12:21.979] [bmv2] [T] [thread 5791] bm_register_write
[13:12:21.979] [bmv2] [T] [thread 5791] bm_register_write
[13:12:21.980] [bmv2] [T] [thread 5791] bm_register_write
[13:12:21.980] [bmv2] [T] [thread 5791] bm_register_write
[13:12:21.980] [bmv2] [T] [thread 5791] bm_register_write
[13:12:21.981] [bmv2] [T] [thread 5791] bm_register_write
[13:12:21.981] [bmv2] [T] [thread 5791] bm_register_write
[13:12:21.981] [bmv2] [T] [thread 5791] bm_register_write
[13:12:21.981] [bmv2] [T] [thread 5791] bm_register_write
[13:12:21.982] [bmv2] [T] [thread 5791] bm_register_write
[13:12:21.982] [bmv2] [T] [thread 5791] bm_register_write
[13:12:21.983] [bmv2] [T] [thread 5791] bm_register_write
[13:12:21.983] [bmv2] [T] [thread 5791] bm_register_write
[13:12:21.983] [bmv2] [T] [thread 5791] bm_register_write
[13:12:21.983] [bmv2] [T] [thread 5791] bm_register_write
[13:12:21.984] [bmv2] [T] [thread 5791] bm_register_write
[13:12:21.984] [bmv2] [T] [thread 5791] bm_register_write
[13:12:21.985] [bmv2] [T] [thread 5791] bm_register_write
[13:12:21.985] [bmv2] [T] [thread 5791] bm_register_write
[13:12:21.985] [bmv2] [T] [thread 5791] bm_register_write
[13:12:21.986] [bmv2] [T] [thread 5791] bm_register_write
[13:12:21.986] [bmv2] [T] [thread 5791] bm_register_write
[13:12:21.986] [bmv2] [T] [thread 5791] bm_register_write
[13:12:21.987] [bmv2] [T] [thread 5791] bm_register_write
[13:12:21.987] [bmv2] [T] [thread 5791] bm_register_write
[13:12:21.987] [bmv2] [T] [thread 5791] bm_register_write
[13:12:21.988] [bmv2] [T] [thread 5791] bm_register_write
[13:12:21.988] [bmv2] [T] [thread 5791] bm_register_write
[13:12:21.988] [bmv2] [T] [thread 5791] bm_register_write
[13:12:21.988] [bmv2] [T] [thread 5791] bm_register_write
[13:12:21.989] [bmv2] [T] [thread 5791] bm_register_write
[13:12:21.989] [bmv2] [T] [thread 5791] bm_register_write
[13:12:21.989] [bmv2] [T] [thread 5791] bm_register_write
[13:12:21.989] [bmv2] [T] [thread 5791] bm_register_write
[13:12:21.990] [bmv2] [T] [thread 5791] bm_register_write
[13:12:21.990] [bmv2] [T] [thread 5791] bm_register_write
[13:12:21.990] [bmv2] [T] [thread 5791] bm_register_write
[13:12:21.991] [bmv2] [T] [thread 5791] bm_register_write
[13:12:21.991] [bmv2] [T] [thread 5791] bm_register_write
[13:12:21.991] [bmv2] [T] [thread 5791] bm_register_write
[13:12:21.991] [bmv2] [T] [thread 5791] bm_register_write
[13:12:21.992] [bmv2] [T] [thread 5791] bm_register_write
[13:12:21.992] [bmv2] [T] [thread 5791] bm_register_write
[13:12:21.992] [bmv2] [T] [thread 5791] bm_register_write
[13:12:21.993] [bmv2] [T] [thread 5791] bm_register_write
[13:12:21.993] [bmv2] [T] [thread 5791] bm_register_write
[13:12:21.993] [bmv2] [T] [thread 5791] bm_register_write
[13:12:21.994] [bmv2] [T] [thread 5791] bm_register_write
[13:12:21.994] [bmv2] [T] [thread 5791] bm_register_write
[13:12:21.994] [bmv2] [T] [thread 5791] bm_register_write
[13:12:21.994] [bmv2] [T] [thread 5791] bm_register_write
[13:12:21.995] [bmv2] [T] [thread 5791] bm_register_write
[13:12:21.995] [bmv2] [T] [thread 5791] bm_register_write
[13:12:21.995] [bmv2] [T] [thread 5791] bm_register_write
[13:12:21.995] [bmv2] [T] [thread 5791] bm_register_write
[13:12:21.996] [bmv2] [T] [thread 5791] bm_register_write
[13:12:21.996] [bmv2] [T] [thread 5791] bm_register_write
[13:12:21.996] [bmv2] [T] [thread 5791] bm_register_write
[13:12:21.996] [bmv2] [T] [thread 5791] bm_register_write
[13:12:21.997] [bmv2] [T] [thread 5791] bm_register_write
[13:12:21.997] [bmv2] [T] [thread 5791] bm_register_write
[13:12:21.997] [bmv2] [T] [thread 5791] bm_register_write
[13:12:21.997] [bmv2] [T] [thread 5791] bm_register_write
[13:12:21.998] [bmv2] [T] [thread 5791] bm_register_write
[13:12:21.998] [bmv2] [T] [thread 5791] bm_register_write
[13:12:21.998] [bmv2] [T] [thread 5791] bm_register_write
[13:12:21.998] [bmv2] [T] [thread 5791] bm_register_write
[13:12:21.999] [bmv2] [T] [thread 5791] bm_register_write
[13:12:21.999] [bmv2] [T] [thread 5791] bm_register_write
[13:12:21.999] [bmv2] [T] [thread 5791] bm_register_write
[13:12:22.000] [bmv2] [T] [thread 5791] bm_register_write
[13:12:22.000] [bmv2] [T] [thread 5791] bm_register_write
[13:12:22.000] [bmv2] [T] [thread 5791] bm_register_write
[13:12:22.001] [bmv2] [T] [thread 5791] bm_register_write
[13:12:22.001] [bmv2] [T] [thread 5791] bm_register_write
[13:12:22.001] [bmv2] [T] [thread 5791] bm_register_write
[13:12:22.001] [bmv2] [T] [thread 5791] bm_register_write
[13:12:22.002] [bmv2] [T] [thread 5791] bm_register_write
[13:12:22.002] [bmv2] [T] [thread 5791] bm_register_write
[13:12:22.002] [bmv2] [T] [thread 5791] bm_register_write
[13:12:22.003] [bmv2] [T] [thread 5791] bm_register_write
[13:12:22.003] [bmv2] [T] [thread 5791] bm_register_write
[13:12:22.003] [bmv2] [T] [thread 5791] bm_register_write
[13:12:22.004] [bmv2] [T] [thread 5791] bm_register_write
[13:12:22.004] [bmv2] [T] [thread 5791] bm_register_write
[13:12:22.004] [bmv2] [T] [thread 5791] bm_register_write
[13:12:22.004] [bmv2] [T] [thread 5791] bm_register_write
[13:12:22.005] [bmv2] [T] [thread 5791] bm_register_write
[13:12:22.005] [bmv2] [T] [thread 5791] bm_register_write
[13:12:22.005] [bmv2] [T] [thread 5791] bm_register_write
[13:12:22.005] [bmv2] [T] [thread 5791] bm_register_write
[13:12:22.006] [bmv2] [T] [thread 5791] bm_register_write
[13:12:22.006] [bmv2] [T] [thread 5791] bm_register_write
[13:12:22.006] [bmv2] [T] [thread 5791] bm_register_write
[13:12:22.007] [bmv2] [T] [thread 5791] bm_register_write
[13:12:22.007] [bmv2] [T] [thread 5791] bm_register_write
[13:12:22.007] [bmv2] [T] [thread 5791] bm_register_write
[13:12:22.007] [bmv2] [T] [thread 5791] bm_register_write
[13:12:22.008] [bmv2] [T] [thread 5791] bm_register_write
[13:12:22.008] [bmv2] [T] [thread 5791] bm_register_write
[13:12:22.008] [bmv2] [T] [thread 5791] bm_register_write
[13:12:22.008] [bmv2] [T] [thread 5791] bm_register_write
[13:12:22.009] [bmv2] [T] [thread 5791] bm_register_write
[13:12:22.009] [bmv2] [T] [thread 5791] bm_register_write
[13:12:22.009] [bmv2] [T] [thread 5791] bm_register_write
[13:12:22.010] [bmv2] [T] [thread 5791] bm_register_write
[13:12:22.010] [bmv2] [T] [thread 5791] bm_register_write
[13:12:22.010] [bmv2] [T] [thread 5791] bm_register_write
