Obtaining JSON from switch...
Done
Control utility for runtime P4 table manipulation
RuntimeCmd: Adding entry to exact match table table_clone
match key:           EXACT-00:01
action:              action_clone
runtime data:        00:01	08
Entry has been added with handle 0
RuntimeCmd: Error: Invalid table name (table_forward_ack)
RuntimeCmd: Error: Table table_forwarding_behaviour needs 2 key fields
RuntimeCmd: Adding entry to exact match table table_enable_rlnc
match key:           
action:              action_enable_rlnc
runtime data:        01
Entry has been added with handle 0
RuntimeCmd: Creating multicast group 1
RuntimeCmd: Creating node with rid 0 , port map 100 and lag map 
node was created with handle 0
RuntimeCmd: Creating node with rid 1 , port map 100 and lag map 
node was created with handle 1
RuntimeCmd: Creating node with rid 2 , port map 100 and lag map 
node was created with handle 2
RuntimeCmd: Creating node with rid 3 , port map 100 and lag map 
node was created with handle 3
RuntimeCmd: Creating node with rid 4 , port map 100 and lag map 
node was created with handle 4
RuntimeCmd: Creating node with rid 5 , port map 100 and lag map 
node was created with handle 5
RuntimeCmd: Creating node with rid 6 , port map 100 and lag map 
node was created with handle 6
RuntimeCmd: Creating node with rid 7 , port map 100 and lag map 
node was created with handle 7
RuntimeCmd: Associating node 0 to multicast group 1
RuntimeCmd: Associating node 1 to multicast group 1
RuntimeCmd: Associating node 2 to multicast group 1
RuntimeCmd: Associating node 3 to multicast group 1
RuntimeCmd: Associating node 4 to multicast group 1
RuntimeCmd: Associating node 5 to multicast group 1
RuntimeCmd: Associating node 6 to multicast group 1
RuntimeCmd: Associating node 7 to multicast group 1
RuntimeCmd: RuntimeCmd: RuntimeCmd: RuntimeCmd: RuntimeCmd: RuntimeCmd: RuntimeCmd: RuntimeCmd: RuntimeCmd: RuntimeCmd: RuntimeCmd: RuntimeCmd: RuntimeCmd: RuntimeCmd: RuntimeCmd: RuntimeCmd: RuntimeCmd: RuntimeCmd: RuntimeCmd: RuntimeCmd: RuntimeCmd: RuntimeCmd: RuntimeCmd: RuntimeCmd: RuntimeCmd: RuntimeCmd: RuntimeCmd: RuntimeCmd: RuntimeCmd: RuntimeCmd: RuntimeCmd: RuntimeCmd: RuntimeCmd: RuntimeCmd: RuntimeCmd: RuntimeCmd: RuntimeCmd: RuntimeCmd: RuntimeCmd: RuntimeCmd: RuntimeCmd: RuntimeCmd: RuntimeCmd: RuntimeCmd: RuntimeCmd: RuntimeCmd: RuntimeCmd: RuntimeCmd: RuntimeCmd: RuntimeCmd: RuntimeCmd: RuntimeCmd: RuntimeCmd: RuntimeCmd: RuntimeCmd: RuntimeCmd: RuntimeCmd: RuntimeCmd: RuntimeCmd: RuntimeCmd: RuntimeCmd: RuntimeCmd: RuntimeCmd: RuntimeCmd: RuntimeCmd: RuntimeCmd: RuntimeCmd: RuntimeCmd: RuntimeCmd: RuntimeCmd: RuntimeCmd: RuntimeCmd: RuntimeCmd: RuntimeCmd: RuntimeCmd: RuntimeCmd: RuntimeCmd: RuntimeCmd: RuntimeCmd: RuntimeCmd: RuntimeCmd: RuntimeCmd: RuntimeCmd: RuntimeCmd: RuntimeCmd: RuntimeCmd: RuntimeCmd: RuntimeCmd: RuntimeCmd: RuntimeCmd: RuntimeCmd: RuntimeCmd: RuntimeCmd: RuntimeCmd: RuntimeCmd: RuntimeCmd: RuntimeCmd: RuntimeCmd: RuntimeCmd: RuntimeCmd: RuntimeCmd: RuntimeCmd: RuntimeCmd: RuntimeCmd: RuntimeCmd: RuntimeCmd: RuntimeCmd: RuntimeCmd: RuntimeCmd: RuntimeCmd: RuntimeCmd: RuntimeCmd: RuntimeCmd: RuntimeCmd: RuntimeCmd: RuntimeCmd: RuntimeCmd: RuntimeCmd: RuntimeCmd: RuntimeCmd: RuntimeCmd: RuntimeCmd: RuntimeCmd: RuntimeCmd: RuntimeCmd: RuntimeCmd: RuntimeCmd: RuntimeCmd: RuntimeCmd: RuntimeCmd: RuntimeCmd: RuntimeCmd: RuntimeCmd: RuntimeCmd: RuntimeCmd: RuntimeCmd: RuntimeCmd: RuntimeCmd: RuntimeCmd: RuntimeCmd: RuntimeCmd: RuntimeCmd: RuntimeCmd: RuntimeCmd: RuntimeCmd: RuntimeCmd: RuntimeCmd: RuntimeCmd: RuntimeCmd: RuntimeCmd: RuntimeCmd: RuntimeCmd: RuntimeCmd: RuntimeCmd: RuntimeCmd: RuntimeCmd: RuntimeCmd: RuntimeCmd: RuntimeCmd: RuntimeCmd: RuntimeCmd: RuntimeCmd: RuntimeCmd: RuntimeCmd: RuntimeCmd: RuntimeCmd: RuntimeCmd: RuntimeCmd: RuntimeCmd: RuntimeCmd: RuntimeCmd: RuntimeCmd: RuntimeCmd: RuntimeCmd: RuntimeCmd: RuntimeCmd: RuntimeCmd: RuntimeCmd: RuntimeCmd: RuntimeCmd: RuntimeCmd: RuntimeCmd: RuntimeCmd: RuntimeCmd: RuntimeCmd: RuntimeCmd: RuntimeCmd: RuntimeCmd: RuntimeCmd: RuntimeCmd: RuntimeCmd: RuntimeCmd: RuntimeCmd: RuntimeCmd: RuntimeCmd: RuntimeCmd: RuntimeCmd: RuntimeCmd: RuntimeCmd: RuntimeCmd: RuntimeCmd: RuntimeCmd: RuntimeCmd: RuntimeCmd: RuntimeCmd: RuntimeCmd: RuntimeCmd: RuntimeCmd: RuntimeCmd: RuntimeCmd: RuntimeCmd: RuntimeCmd: RuntimeCmd: RuntimeCmd: RuntimeCmd: RuntimeCmd: RuntimeCmd: RuntimeCmd: RuntimeCmd: RuntimeCmd: RuntimeCmd: RuntimeCmd: RuntimeCmd: RuntimeCmd: RuntimeCmd: RuntimeCmd: RuntimeCmd: RuntimeCmd: RuntimeCmd: RuntimeCmd: RuntimeCmd: RuntimeCmd: RuntimeCmd: RuntimeCmd: RuntimeCmd: RuntimeCmd: RuntimeCmd: RuntimeCmd: RuntimeCmd: RuntimeCmd: RuntimeCmd: RuntimeCmd: RuntimeCmd: RuntimeCmd: RuntimeCmd: RuntimeCmd: RuntimeCmd: RuntimeCmd: RuntimeCmd: RuntimeCmd: RuntimeCmd: RuntimeCmd: RuntimeCmd: RuntimeCmd: RuntimeCmd: RuntimeCmd: RuntimeCmd: RuntimeCmd: RuntimeCmd: RuntimeCmd: RuntimeCmd: RuntimeCmd: RuntimeCmd: RuntimeCmd: RuntimeCmd: RuntimeCmd: RuntimeCmd: RuntimeCmd: RuntimeCmd: RuntimeCmd: RuntimeCmd: RuntimeCmd: RuntimeCmd: RuntimeCmd: RuntimeCmd: RuntimeCmd: RuntimeCmd: RuntimeCmd: RuntimeCmd: RuntimeCmd: RuntimeCmd: RuntimeCmd: RuntimeCmd: RuntimeCmd: RuntimeCmd: RuntimeCmd: RuntimeCmd: RuntimeCmd: RuntimeCmd: RuntimeCmd: RuntimeCmd: RuntimeCmd: RuntimeCmd: RuntimeCmd: RuntimeCmd: RuntimeCmd: RuntimeCmd: RuntimeCmd: RuntimeCmd: RuntimeCmd: RuntimeCmd: RuntimeCmd: RuntimeCmd: RuntimeCmd: RuntimeCmd: RuntimeCmd: RuntimeCmd: RuntimeCmd: RuntimeCmd: RuntimeCmd: RuntimeCmd: RuntimeCmd: RuntimeCmd: RuntimeCmd: RuntimeCmd: RuntimeCmd: RuntimeCmd: RuntimeCmd: RuntimeCmd: RuntimeCmd: RuntimeCmd: RuntimeCmd: RuntimeCmd: RuntimeCmd: RuntimeCmd: RuntimeCmd: RuntimeCmd: RuntimeCmd: RuntimeCmd: RuntimeCmd: RuntimeCmd: RuntimeCmd: RuntimeCmd: RuntimeCmd: RuntimeCmd: RuntimeCmd: RuntimeCmd: RuntimeCmd: RuntimeCmd: RuntimeCmd: RuntimeCmd: RuntimeCmd: RuntimeCmd: RuntimeCmd: RuntimeCmd: RuntimeCmd: RuntimeCmd: RuntimeCmd: RuntimeCmd: RuntimeCmd: RuntimeCmd: RuntimeCmd: RuntimeCmd: RuntimeCmd: RuntimeCmd: RuntimeCmd: RuntimeCmd: RuntimeCmd: RuntimeCmd: RuntimeCmd: RuntimeCmd: RuntimeCmd: RuntimeCmd: RuntimeCmd: RuntimeCmd: RuntimeCmd: RuntimeCmd: RuntimeCmd: RuntimeCmd: RuntimeCmd: RuntimeCmd: RuntimeCmd: RuntimeCmd: RuntimeCmd: RuntimeCmd: RuntimeCmd: RuntimeCmd: RuntimeCmd: RuntimeCmd: RuntimeCmd: RuntimeCmd: RuntimeCmd: RuntimeCmd: RuntimeCmd: RuntimeCmd: RuntimeCmd: RuntimeCmd: RuntimeCmd: RuntimeCmd: RuntimeCmd: RuntimeCmd: RuntimeCmd: RuntimeCmd: RuntimeCmd: RuntimeCmd: RuntimeCmd: RuntimeCmd: RuntimeCmd: RuntimeCmd: RuntimeCmd: RuntimeCmd: RuntimeCmd: RuntimeCmd: RuntimeCmd: RuntimeCmd: RuntimeCmd: RuntimeCmd: RuntimeCmd: RuntimeCmd: RuntimeCmd: RuntimeCmd: RuntimeCmd: RuntimeCmd: RuntimeCmd: RuntimeCmd: RuntimeCmd: RuntimeCmd: RuntimeCmd: RuntimeCmd: RuntimeCmd: RuntimeCmd: RuntimeCmd: RuntimeCmd: RuntimeCmd: RuntimeCmd: RuntimeCmd: RuntimeCmd: RuntimeCmd: RuntimeCmd: RuntimeCmd: RuntimeCmd: RuntimeCmd: RuntimeCmd: RuntimeCmd: RuntimeCmd: RuntimeCmd: RuntimeCmd: RuntimeCmd: RuntimeCmd: RuntimeCmd: RuntimeCmd: RuntimeCmd: RuntimeCmd: RuntimeCmd: RuntimeCmd: RuntimeCmd: RuntimeCmd: RuntimeCmd: RuntimeCmd: RuntimeCmd: RuntimeCmd: RuntimeCmd: RuntimeCmd: RuntimeCmd: RuntimeCmd: RuntimeCmd: RuntimeCmd: RuntimeCmd: RuntimeCmd: RuntimeCmd: RuntimeCmd: RuntimeCmd: RuntimeCmd: RuntimeCmd: RuntimeCmd: RuntimeCmd: RuntimeCmd: RuntimeCmd: RuntimeCmd: RuntimeCmd: RuntimeCmd: RuntimeCmd: RuntimeCmd: RuntimeCmd: RuntimeCmd: RuntimeCmd: RuntimeCmd: RuntimeCmd: RuntimeCmd: RuntimeCmd: RuntimeCmd: RuntimeCmd: RuntimeCmd: RuntimeCmd: RuntimeCmd: RuntimeCmd: RuntimeCmd: RuntimeCmd: RuntimeCmd: RuntimeCmd: RuntimeCmd: RuntimeCmd: RuntimeCmd: RuntimeCmd: RuntimeCmd: RuntimeCmd: RuntimeCmd: RuntimeCmd: RuntimeCmd: RuntimeCmd: RuntimeCmd: RuntimeCmd: RuntimeCmd: RuntimeCmd: RuntimeCmd: RuntimeCmd: RuntimeCmd: RuntimeCmd: RuntimeCmd: RuntimeCmd: RuntimeCmd: RuntimeCmd: RuntimeCmd: RuntimeCmd: RuntimeCmd: RuntimeCmd: RuntimeCmd: RuntimeCmd: RuntimeCmd: RuntimeCmd: RuntimeCmd: RuntimeCmd: RuntimeCmd: RuntimeCmd: RuntimeCmd: RuntimeCmd: RuntimeCmd: RuntimeCmd: RuntimeCmd: RuntimeCmd: RuntimeCmd: RuntimeCmd: RuntimeCmd: RuntimeCmd: RuntimeCmd: RuntimeCmd: RuntimeCmd: RuntimeCmd: RuntimeCmd: RuntimeCmd: RuntimeCmd: RuntimeCmd: RuntimeCmd: RuntimeCmd: RuntimeCmd: RuntimeCmd: RuntimeCmd: RuntimeCmd: RuntimeCmd: RuntimeCmd: RuntimeCmd: RuntimeCmd: RuntimeCmd: RuntimeCmd: RuntimeCmd: RuntimeCmd: RuntimeCmd: RuntimeCmd: RuntimeCmd: RuntimeCmd: RuntimeCmd: RuntimeCmd: RuntimeCmd: RuntimeCmd: RuntimeCmd: RuntimeCmd: RuntimeCmd: RuntimeCmd: RuntimeCmd: RuntimeCmd: RuntimeCmd: RuntimeCmd: RuntimeCmd: RuntimeCmd: RuntimeCmd: RuntimeCmd: RuntimeCmd: RuntimeCmd: RuntimeCmd: RuntimeCmd: RuntimeCmd: RuntimeCmd: RuntimeCmd: RuntimeCmd: RuntimeCmd: RuntimeCmd: RuntimeCmd: RuntimeCmd: RuntimeCmd: RuntimeCmd: RuntimeCmd: RuntimeCmd: RuntimeCmd: RuntimeCmd: RuntimeCmd: RuntimeCmd: RuntimeCmd: RuntimeCmd: RuntimeCmd: RuntimeCmd: RuntimeCmd: RuntimeCmd: RuntimeCmd: RuntimeCmd: RuntimeCmd: RuntimeCmd: RuntimeCmd: RuntimeCmd: RuntimeCmd: RuntimeCmd: RuntimeCmd: RuntimeCmd: RuntimeCmd: RuntimeCmd: RuntimeCmd: RuntimeCmd: RuntimeCmd: RuntimeCmd: RuntimeCmd: RuntimeCmd: RuntimeCmd: RuntimeCmd: RuntimeCmd: RuntimeCmd: RuntimeCmd: RuntimeCmd: RuntimeCmd: RuntimeCmd: RuntimeCmd: RuntimeCmd: RuntimeCmd: RuntimeCmd: RuntimeCmd: RuntimeCmd: RuntimeCmd: RuntimeCmd: RuntimeCmd: RuntimeCmd: RuntimeCmd: RuntimeCmd: RuntimeCmd: RuntimeCmd: RuntimeCmd: RuntimeCmd: RuntimeCmd: RuntimeCmd: RuntimeCmd: RuntimeCmd: RuntimeCmd: RuntimeCmd: RuntimeCmd: RuntimeCmd: RuntimeCmd: RuntimeCmd: RuntimeCmd: RuntimeCmd: RuntimeCmd: RuntimeCmd: RuntimeCmd: RuntimeCmd: RuntimeCmd: RuntimeCmd: RuntimeCmd: RuntimeCmd: RuntimeCmd: RuntimeCmd: RuntimeCmd: RuntimeCmd: RuntimeCmd: RuntimeCmd: RuntimeCmd: RuntimeCmd: RuntimeCmd: RuntimeCmd: RuntimeCmd: RuntimeCmd: RuntimeCmd: RuntimeCmd: RuntimeCmd: RuntimeCmd: RuntimeCmd: RuntimeCmd: RuntimeCmd: RuntimeCmd: RuntimeCmd: RuntimeCmd: RuntimeCmd: RuntimeCmd: RuntimeCmd: RuntimeCmd: RuntimeCmd: RuntimeCmd: RuntimeCmd: RuntimeCmd: RuntimeCmd: RuntimeCmd: RuntimeCmd: RuntimeCmd: RuntimeCmd: RuntimeCmd: RuntimeCmd: RuntimeCmd: RuntimeCmd: RuntimeCmd: RuntimeCmd: RuntimeCmd: RuntimeCmd: RuntimeCmd: RuntimeCmd: RuntimeCmd: RuntimeCmd: RuntimeCmd: RuntimeCmd: RuntimeCmd: RuntimeCmd: RuntimeCmd: RuntimeCmd: RuntimeCmd: RuntimeCmd: RuntimeCmd: RuntimeCmd: RuntimeCmd: RuntimeCmd: RuntimeCmd: RuntimeCmd: RuntimeCmd: RuntimeCmd: RuntimeCmd: RuntimeCmd: RuntimeCmd: RuntimeCmd: RuntimeCmd: RuntimeCmd: RuntimeCmd: RuntimeCmd: RuntimeCmd: RuntimeCmd: RuntimeCmd: RuntimeCmd: RuntimeCmd: RuntimeCmd: RuntimeCmd: RuntimeCmd: RuntimeCmd: RuntimeCmd: RuntimeCmd: RuntimeCmd: RuntimeCmd: RuntimeCmd: RuntimeCmd: RuntimeCmd: RuntimeCmd: RuntimeCmd: RuntimeCmd: RuntimeCmd: RuntimeCmd: RuntimeCmd: RuntimeCmd: RuntimeCmd: RuntimeCmd: RuntimeCmd: RuntimeCmd: RuntimeCmd: RuntimeCmd: RuntimeCmd: 
