Calling target program-options parser
[16:42:25.520] [bmv2] [D] [thread 27090] Set default default entry for table 'MyIngress.table_forward': NoAction - 
[16:42:25.520] [bmv2] [D] [thread 27090] Set default default entry for table 'tbl_act': act - 
[16:42:25.520] [bmv2] [D] [thread 27090] Set default default entry for table 'tbl_act_0': act_0 - 
[16:42:25.520] [bmv2] [D] [thread 27090] Set default default entry for table 'tbl_action_ff_mult': MyIngress.action_ff_mult - 
[16:42:25.520] [bmv2] [D] [thread 27090] Set default default entry for table 'tbl_act_1': act_1 - 
Adding interface s1-eth1 as port 1
[16:42:25.520] [bmv2] [D] [thread 27090] Adding interface s1-eth1 as port 1
Adding interface s1-eth2 as port 2
[16:42:25.541] [bmv2] [D] [thread 27090] Adding interface s1-eth2 as port 2
Thrift server was started
[16:42:25.785] [bmv2] [D] [thread 27096] [0.0] [cxt 0] Processing packet received on port 2
[16:42:25.785] [bmv2] [D] [thread 27096] [0.0] [cxt 0] Parser 'parser': start
[16:42:25.785] [bmv2] [D] [thread 27096] [0.0] [cxt 0] Parser 'parser' entering state 'start'
[16:42:25.785] [bmv2] [D] [thread 27096] [0.0] [cxt 0] Extracting header 'ethernet'
[16:42:25.785] [bmv2] [D] [thread 27096] [0.0] [cxt 0] Parser state 'start': key is 86dd
[16:42:25.785] [bmv2] [T] [thread 27096] [0.0] [cxt 0] Bytes parsed: 14
[16:42:25.785] [bmv2] [D] [thread 27096] [0.0] [cxt 0] Parser 'parser': end
[16:42:25.785] [bmv2] [D] [thread 27096] [0.0] [cxt 0] Pipeline 'ingress': start
[16:42:25.785] [bmv2] [T] [thread 27096] [0.0] [cxt 0] Applying table 'MyIngress.table_forward'
[16:42:25.785] [bmv2] [D] [thread 27096] [0.0] [cxt 0] Looking up key:
* standard_metadata.ingress_port: 0002

[16:42:25.785] [bmv2] [D] [thread 27096] [0.0] [cxt 0] Table 'MyIngress.table_forward': miss
[16:42:25.785] [bmv2] [D] [thread 27096] [0.0] [cxt 0] Action entry is NoAction - 
[16:42:25.785] [bmv2] [T] [thread 27096] [0.0] [cxt 0] Action NoAction
[16:42:25.785] [bmv2] [T] [thread 27096] [0.0] [cxt 0] ff_calc.p4(261) Condition "(hdr.ff_calc.a == 0) || (hdr.ff_calc.b == 0)" (node_3) is true
[16:42:25.785] [bmv2] [T] [thread 27096] [0.0] [cxt 0] Applying table 'tbl_act'
[16:42:25.785] [bmv2] [D] [thread 27096] [0.0] [cxt 0] Looking up key:

[16:42:25.785] [bmv2] [D] [thread 27096] [0.0] [cxt 0] Table 'tbl_act': miss
[16:42:25.785] [bmv2] [D] [thread 27096] [0.0] [cxt 0] Action entry is act - 
[16:42:25.785] [bmv2] [T] [thread 27096] [0.0] [cxt 0] Action act
[16:42:25.785] [bmv2] [T] [thread 27096] [0.0] [cxt 0] ff_calc.p4(262) Primitive hdr.ff_calc.result = 0
[16:42:25.785] [bmv2] [D] [thread 27096] [0.0] [cxt 0] Pipeline 'ingress': end
[16:42:25.785] [bmv2] [D] [thread 27096] [0.0] [cxt 0] Egress port is 0
[16:42:25.785] [bmv2] [D] [thread 27097] [0.0] [cxt 0] Pipeline 'egress': start
[16:42:25.785] [bmv2] [D] [thread 27097] [0.0] [cxt 0] Pipeline 'egress': end
[16:42:25.785] [bmv2] [D] [thread 27097] [0.0] [cxt 0] Deparser 'deparser': start
[16:42:25.785] [bmv2] [D] [thread 27097] [0.0] [cxt 0] Deparsing header 'ethernet'
[16:42:25.785] [bmv2] [D] [thread 27097] [0.0] [cxt 0] Deparser 'deparser': end
[16:42:25.785] [bmv2] [D] [thread 27101] [0.0] [cxt 0] Transmitting packet of size 78 out of port 0
[16:42:25.785] [bmv2] [D] [thread 27096] [1.0] [cxt 0] Processing packet received on port 2
[16:42:25.785] [bmv2] [D] [thread 27096] [1.0] [cxt 0] Parser 'parser': start
[16:42:25.785] [bmv2] [D] [thread 27096] [1.0] [cxt 0] Parser 'parser' entering state 'start'
[16:42:25.785] [bmv2] [D] [thread 27096] [1.0] [cxt 0] Extracting header 'ethernet'
[16:42:25.785] [bmv2] [D] [thread 27096] [1.0] [cxt 0] Parser state 'start': key is 86dd
[16:42:25.785] [bmv2] [T] [thread 27096] [1.0] [cxt 0] Bytes parsed: 14
[16:42:25.785] [bmv2] [D] [thread 27096] [1.0] [cxt 0] Parser 'parser': end
[16:42:25.785] [bmv2] [D] [thread 27096] [1.0] [cxt 0] Pipeline 'ingress': start
[16:42:25.785] [bmv2] [T] [thread 27096] [1.0] [cxt 0] Applying table 'MyIngress.table_forward'
[16:42:25.785] [bmv2] [D] [thread 27096] [1.0] [cxt 0] Looking up key:
* standard_metadata.ingress_port: 0002

[16:42:25.785] [bmv2] [D] [thread 27096] [1.0] [cxt 0] Table 'MyIngress.table_forward': miss
[16:42:25.785] [bmv2] [D] [thread 27096] [1.0] [cxt 0] Action entry is NoAction - 
[16:42:25.785] [bmv2] [T] [thread 27096] [1.0] [cxt 0] Action NoAction
[16:42:25.785] [bmv2] [T] [thread 27096] [1.0] [cxt 0] ff_calc.p4(261) Condition "(hdr.ff_calc.a == 0) || (hdr.ff_calc.b == 0)" (node_3) is true
[16:42:25.785] [bmv2] [T] [thread 27096] [1.0] [cxt 0] Applying table 'tbl_act'
[16:42:25.785] [bmv2] [D] [thread 27096] [1.0] [cxt 0] Looking up key:

[16:42:25.785] [bmv2] [D] [thread 27096] [1.0] [cxt 0] Table 'tbl_act': miss
[16:42:25.785] [bmv2] [D] [thread 27096] [1.0] [cxt 0] Action entry is act - 
[16:42:25.785] [bmv2] [T] [thread 27096] [1.0] [cxt 0] Action act
[16:42:25.785] [bmv2] [T] [thread 27096] [1.0] [cxt 0] ff_calc.p4(262) Primitive hdr.ff_calc.result = 0
[16:42:25.785] [bmv2] [D] [thread 27096] [1.0] [cxt 0] Pipeline 'ingress': end
[16:42:25.785] [bmv2] [D] [thread 27096] [1.0] [cxt 0] Egress port is 0
[16:42:25.785] [bmv2] [D] [thread 27097] [1.0] [cxt 0] Pipeline 'egress': start
[16:42:25.785] [bmv2] [D] [thread 27097] [1.0] [cxt 0] Pipeline 'egress': end
[16:42:25.785] [bmv2] [D] [thread 27097] [1.0] [cxt 0] Deparser 'deparser': start
[16:42:25.785] [bmv2] [D] [thread 27097] [1.0] [cxt 0] Deparsing header 'ethernet'
[16:42:25.785] [bmv2] [D] [thread 27097] [1.0] [cxt 0] Deparser 'deparser': end
[16:42:25.785] [bmv2] [D] [thread 27101] [1.0] [cxt 0] Transmitting packet of size 90 out of port 0
[16:42:26.128] [bmv2] [D] [thread 27096] [2.0] [cxt 0] Processing packet received on port 1
[16:42:26.128] [bmv2] [D] [thread 27096] [2.0] [cxt 0] Parser 'parser': start
[16:42:26.128] [bmv2] [D] [thread 27096] [2.0] [cxt 0] Parser 'parser' entering state 'start'
[16:42:26.128] [bmv2] [D] [thread 27096] [2.0] [cxt 0] Extracting header 'ethernet'
[16:42:26.128] [bmv2] [D] [thread 27096] [2.0] [cxt 0] Parser state 'start': key is 86dd
[16:42:26.128] [bmv2] [T] [thread 27096] [2.0] [cxt 0] Bytes parsed: 14
[16:42:26.128] [bmv2] [D] [thread 27096] [2.0] [cxt 0] Parser 'parser': end
[16:42:26.128] [bmv2] [D] [thread 27096] [2.0] [cxt 0] Pipeline 'ingress': start
[16:42:26.128] [bmv2] [T] [thread 27096] [2.0] [cxt 0] Applying table 'MyIngress.table_forward'
[16:42:26.128] [bmv2] [D] [thread 27096] [2.0] [cxt 0] Looking up key:
* standard_metadata.ingress_port: 0001

[16:42:26.128] [bmv2] [D] [thread 27096] [2.0] [cxt 0] Table 'MyIngress.table_forward': miss
[16:42:26.128] [bmv2] [D] [thread 27096] [2.0] [cxt 0] Action entry is NoAction - 
[16:42:26.128] [bmv2] [T] [thread 27096] [2.0] [cxt 0] Action NoAction
[16:42:26.128] [bmv2] [T] [thread 27096] [2.0] [cxt 0] ff_calc.p4(261) Condition "(hdr.ff_calc.a == 0) || (hdr.ff_calc.b == 0)" (node_3) is true
[16:42:26.128] [bmv2] [T] [thread 27096] [2.0] [cxt 0] Applying table 'tbl_act'
[16:42:26.128] [bmv2] [D] [thread 27096] [2.0] [cxt 0] Looking up key:

[16:42:26.128] [bmv2] [D] [thread 27096] [2.0] [cxt 0] Table 'tbl_act': miss
[16:42:26.128] [bmv2] [D] [thread 27096] [2.0] [cxt 0] Action entry is act - 
[16:42:26.128] [bmv2] [T] [thread 27096] [2.0] [cxt 0] Action act
[16:42:26.128] [bmv2] [T] [thread 27096] [2.0] [cxt 0] ff_calc.p4(262) Primitive hdr.ff_calc.result = 0
[16:42:26.128] [bmv2] [D] [thread 27096] [2.0] [cxt 0] Pipeline 'ingress': end
[16:42:26.128] [bmv2] [D] [thread 27096] [2.0] [cxt 0] Egress port is 0
[16:42:26.128] [bmv2] [D] [thread 27097] [2.0] [cxt 0] Pipeline 'egress': start
[16:42:26.128] [bmv2] [D] [thread 27097] [2.0] [cxt 0] Pipeline 'egress': end
[16:42:26.128] [bmv2] [D] [thread 27097] [2.0] [cxt 0] Deparser 'deparser': start
[16:42:26.128] [bmv2] [D] [thread 27097] [2.0] [cxt 0] Deparsing header 'ethernet'
[16:42:26.128] [bmv2] [D] [thread 27097] [2.0] [cxt 0] Deparser 'deparser': end
[16:42:26.128] [bmv2] [D] [thread 27101] [2.0] [cxt 0] Transmitting packet of size 78 out of port 0
[16:42:26.469] [bmv2] [D] [thread 27096] [3.0] [cxt 0] Processing packet received on port 1
[16:42:26.469] [bmv2] [D] [thread 27096] [3.0] [cxt 0] Parser 'parser': start
[16:42:26.469] [bmv2] [D] [thread 27096] [3.0] [cxt 0] Parser 'parser' entering state 'start'
[16:42:26.469] [bmv2] [D] [thread 27096] [3.0] [cxt 0] Extracting header 'ethernet'
[16:42:26.469] [bmv2] [D] [thread 27096] [3.0] [cxt 0] Parser state 'start': key is 86dd
[16:42:26.469] [bmv2] [T] [thread 27096] [3.0] [cxt 0] Bytes parsed: 14
[16:42:26.469] [bmv2] [D] [thread 27096] [3.0] [cxt 0] Parser 'parser': end
[16:42:26.469] [bmv2] [D] [thread 27096] [3.0] [cxt 0] Pipeline 'ingress': start
[16:42:26.469] [bmv2] [T] [thread 27096] [3.0] [cxt 0] Applying table 'MyIngress.table_forward'
[16:42:26.469] [bmv2] [D] [thread 27096] [3.0] [cxt 0] Looking up key:
* standard_metadata.ingress_port: 0001

[16:42:26.469] [bmv2] [D] [thread 27096] [3.0] [cxt 0] Table 'MyIngress.table_forward': miss
[16:42:26.469] [bmv2] [D] [thread 27096] [3.0] [cxt 0] Action entry is NoAction - 
[16:42:26.469] [bmv2] [T] [thread 27096] [3.0] [cxt 0] Action NoAction
[16:42:26.469] [bmv2] [T] [thread 27096] [3.0] [cxt 0] ff_calc.p4(261) Condition "(hdr.ff_calc.a == 0) || (hdr.ff_calc.b == 0)" (node_3) is true
[16:42:26.469] [bmv2] [T] [thread 27096] [3.0] [cxt 0] Applying table 'tbl_act'
[16:42:26.469] [bmv2] [D] [thread 27096] [3.0] [cxt 0] Looking up key:

[16:42:26.469] [bmv2] [D] [thread 27096] [3.0] [cxt 0] Table 'tbl_act': miss
[16:42:26.469] [bmv2] [D] [thread 27096] [3.0] [cxt 0] Action entry is act - 
[16:42:26.469] [bmv2] [T] [thread 27096] [3.0] [cxt 0] Action act
[16:42:26.469] [bmv2] [T] [thread 27096] [3.0] [cxt 0] ff_calc.p4(262) Primitive hdr.ff_calc.result = 0
[16:42:26.469] [bmv2] [D] [thread 27096] [3.0] [cxt 0] Pipeline 'ingress': end
[16:42:26.469] [bmv2] [D] [thread 27096] [3.0] [cxt 0] Egress port is 0
[16:42:26.469] [bmv2] [D] [thread 27097] [3.0] [cxt 0] Pipeline 'egress': start
[16:42:26.469] [bmv2] [D] [thread 27097] [3.0] [cxt 0] Pipeline 'egress': end
[16:42:26.469] [bmv2] [D] [thread 27097] [3.0] [cxt 0] Deparser 'deparser': start
[16:42:26.469] [bmv2] [D] [thread 27097] [3.0] [cxt 0] Deparsing header 'ethernet'
[16:42:26.469] [bmv2] [D] [thread 27097] [3.0] [cxt 0] Deparser 'deparser': end
[16:42:26.469] [bmv2] [D] [thread 27101] [3.0] [cxt 0] Transmitting packet of size 90 out of port 0
[16:42:26.789] [bmv2] [D] [thread 27096] [4.0] [cxt 0] Processing packet received on port 2
[16:42:26.789] [bmv2] [D] [thread 27096] [4.0] [cxt 0] Parser 'parser': start
[16:42:26.789] [bmv2] [D] [thread 27096] [4.0] [cxt 0] Parser 'parser' entering state 'start'
[16:42:26.789] [bmv2] [D] [thread 27096] [4.0] [cxt 0] Extracting header 'ethernet'
[16:42:26.789] [bmv2] [D] [thread 27096] [4.0] [cxt 0] Parser state 'start': key is 86dd
[16:42:26.789] [bmv2] [T] [thread 27096] [4.0] [cxt 0] Bytes parsed: 14
[16:42:26.789] [bmv2] [D] [thread 27096] [4.0] [cxt 0] Parser 'parser': end
[16:42:26.789] [bmv2] [D] [thread 27096] [4.0] [cxt 0] Pipeline 'ingress': start
[16:42:26.789] [bmv2] [T] [thread 27096] [4.0] [cxt 0] Applying table 'MyIngress.table_forward'
[16:42:26.789] [bmv2] [D] [thread 27096] [4.0] [cxt 0] Looking up key:
* standard_metadata.ingress_port: 0002

[16:42:26.789] [bmv2] [D] [thread 27096] [4.0] [cxt 0] Table 'MyIngress.table_forward': miss
[16:42:26.789] [bmv2] [D] [thread 27096] [4.0] [cxt 0] Action entry is NoAction - 
[16:42:26.789] [bmv2] [T] [thread 27096] [4.0] [cxt 0] Action NoAction
[16:42:26.789] [bmv2] [T] [thread 27096] [4.0] [cxt 0] ff_calc.p4(261) Condition "(hdr.ff_calc.a == 0) || (hdr.ff_calc.b == 0)" (node_3) is true
[16:42:26.789] [bmv2] [T] [thread 27096] [4.0] [cxt 0] Applying table 'tbl_act'
[16:42:26.789] [bmv2] [D] [thread 27096] [4.0] [cxt 0] Looking up key:

[16:42:26.789] [bmv2] [D] [thread 27096] [4.0] [cxt 0] Table 'tbl_act': miss
[16:42:26.789] [bmv2] [D] [thread 27096] [4.0] [cxt 0] Action entry is act - 
[16:42:26.789] [bmv2] [T] [thread 27096] [4.0] [cxt 0] Action act
[16:42:26.789] [bmv2] [T] [thread 27096] [4.0] [cxt 0] ff_calc.p4(262) Primitive hdr.ff_calc.result = 0
[16:42:26.789] [bmv2] [D] [thread 27096] [4.0] [cxt 0] Pipeline 'ingress': end
[16:42:26.789] [bmv2] [D] [thread 27096] [4.0] [cxt 0] Egress port is 0
[16:42:26.789] [bmv2] [D] [thread 27096] [5.0] [cxt 0] Processing packet received on port 2
[16:42:26.789] [bmv2] [D] [thread 27096] [5.0] [cxt 0] Parser 'parser': start
[16:42:26.789] [bmv2] [D] [thread 27096] [5.0] [cxt 0] Parser 'parser' entering state 'start'
[16:42:26.789] [bmv2] [D] [thread 27096] [5.0] [cxt 0] Extracting header 'ethernet'
[16:42:26.789] [bmv2] [D] [thread 27096] [5.0] [cxt 0] Parser state 'start': key is 86dd
[16:42:26.789] [bmv2] [T] [thread 27096] [5.0] [cxt 0] Bytes parsed: 14
[16:42:26.789] [bmv2] [D] [thread 27096] [5.0] [cxt 0] Parser 'parser': end
[16:42:26.789] [bmv2] [D] [thread 27096] [5.0] [cxt 0] Pipeline 'ingress': start
[16:42:26.789] [bmv2] [T] [thread 27096] [5.0] [cxt 0] Applying table 'MyIngress.table_forward'
[16:42:26.789] [bmv2] [D] [thread 27096] [5.0] [cxt 0] Looking up key:
* standard_metadata.ingress_port: 0002

[16:42:26.789] [bmv2] [D] [thread 27096] [5.0] [cxt 0] Table 'MyIngress.table_forward': miss
[16:42:26.789] [bmv2] [D] [thread 27096] [5.0] [cxt 0] Action entry is NoAction - 
[16:42:26.789] [bmv2] [T] [thread 27096] [5.0] [cxt 0] Action NoAction
[16:42:26.789] [bmv2] [T] [thread 27096] [5.0] [cxt 0] ff_calc.p4(261) Condition "(hdr.ff_calc.a == 0) || (hdr.ff_calc.b == 0)" (node_3) is true
[16:42:26.789] [bmv2] [T] [thread 27096] [5.0] [cxt 0] Applying table 'tbl_act'
[16:42:26.789] [bmv2] [D] [thread 27096] [5.0] [cxt 0] Looking up key:

[16:42:26.789] [bmv2] [D] [thread 27096] [5.0] [cxt 0] Table 'tbl_act': miss
[16:42:26.789] [bmv2] [D] [thread 27096] [5.0] [cxt 0] Action entry is act - 
[16:42:26.789] [bmv2] [T] [thread 27096] [5.0] [cxt 0] Action act
[16:42:26.789] [bmv2] [T] [thread 27096] [5.0] [cxt 0] ff_calc.p4(262) Primitive hdr.ff_calc.result = 0
[16:42:26.789] [bmv2] [D] [thread 27096] [5.0] [cxt 0] Pipeline 'ingress': end
[16:42:26.789] [bmv2] [D] [thread 27096] [5.0] [cxt 0] Egress port is 0
[16:42:26.789] [bmv2] [D] [thread 27097] [4.0] [cxt 0] Pipeline 'egress': start
[16:42:26.789] [bmv2] [D] [thread 27097] [4.0] [cxt 0] Pipeline 'egress': end
[16:42:26.789] [bmv2] [D] [thread 27097] [4.0] [cxt 0] Deparser 'deparser': start
[16:42:26.789] [bmv2] [D] [thread 27097] [4.0] [cxt 0] Deparsing header 'ethernet'
[16:42:26.789] [bmv2] [D] [thread 27097] [4.0] [cxt 0] Deparser 'deparser': end
[16:42:26.789] [bmv2] [D] [thread 27097] [5.0] [cxt 0] Pipeline 'egress': start
[16:42:26.789] [bmv2] [D] [thread 27097] [5.0] [cxt 0] Pipeline 'egress': end
[16:42:26.789] [bmv2] [D] [thread 27097] [5.0] [cxt 0] Deparser 'deparser': start
[16:42:26.789] [bmv2] [D] [thread 27097] [5.0] [cxt 0] Deparsing header 'ethernet'
[16:42:26.789] [bmv2] [D] [thread 27097] [5.0] [cxt 0] Deparser 'deparser': end
[16:42:26.789] [bmv2] [D] [thread 27101] [4.0] [cxt 0] Transmitting packet of size 90 out of port 0
[16:42:26.789] [bmv2] [D] [thread 27101] [5.0] [cxt 0] Transmitting packet of size 70 out of port 0
[16:42:26.869] [bmv2] [D] [thread 27096] [6.0] [cxt 0] Processing packet received on port 2
[16:42:26.869] [bmv2] [D] [thread 27096] [6.0] [cxt 0] Parser 'parser': start
[16:42:26.869] [bmv2] [D] [thread 27096] [6.0] [cxt 0] Parser 'parser' entering state 'start'
[16:42:26.869] [bmv2] [D] [thread 27096] [6.0] [cxt 0] Extracting header 'ethernet'
[16:42:26.869] [bmv2] [D] [thread 27096] [6.0] [cxt 0] Parser state 'start': key is 86dd
[16:42:26.869] [bmv2] [T] [thread 27096] [6.0] [cxt 0] Bytes parsed: 14
[16:42:26.869] [bmv2] [D] [thread 27096] [6.0] [cxt 0] Parser 'parser': end
[16:42:26.869] [bmv2] [D] [thread 27096] [6.0] [cxt 0] Pipeline 'ingress': start
[16:42:26.869] [bmv2] [T] [thread 27096] [6.0] [cxt 0] Applying table 'MyIngress.table_forward'
[16:42:26.869] [bmv2] [D] [thread 27096] [6.0] [cxt 0] Looking up key:
* standard_metadata.ingress_port: 0002

[16:42:26.869] [bmv2] [D] [thread 27096] [6.0] [cxt 0] Table 'MyIngress.table_forward': miss
[16:42:26.869] [bmv2] [D] [thread 27096] [6.0] [cxt 0] Action entry is NoAction - 
[16:42:26.869] [bmv2] [T] [thread 27096] [6.0] [cxt 0] Action NoAction
[16:42:26.869] [bmv2] [T] [thread 27096] [6.0] [cxt 0] ff_calc.p4(261) Condition "(hdr.ff_calc.a == 0) || (hdr.ff_calc.b == 0)" (node_3) is true
[16:42:26.869] [bmv2] [T] [thread 27096] [6.0] [cxt 0] Applying table 'tbl_act'
[16:42:26.869] [bmv2] [D] [thread 27096] [6.0] [cxt 0] Looking up key:

[16:42:26.869] [bmv2] [D] [thread 27096] [6.0] [cxt 0] Table 'tbl_act': miss
[16:42:26.869] [bmv2] [D] [thread 27096] [6.0] [cxt 0] Action entry is act - 
[16:42:26.869] [bmv2] [T] [thread 27096] [6.0] [cxt 0] Action act
[16:42:26.869] [bmv2] [T] [thread 27096] [6.0] [cxt 0] ff_calc.p4(262) Primitive hdr.ff_calc.result = 0
[16:42:26.869] [bmv2] [D] [thread 27096] [6.0] [cxt 0] Pipeline 'ingress': end
[16:42:26.869] [bmv2] [D] [thread 27096] [6.0] [cxt 0] Egress port is 0
[16:42:26.869] [bmv2] [D] [thread 27097] [6.0] [cxt 0] Pipeline 'egress': start
[16:42:26.869] [bmv2] [D] [thread 27097] [6.0] [cxt 0] Pipeline 'egress': end
[16:42:26.869] [bmv2] [D] [thread 27097] [6.0] [cxt 0] Deparser 'deparser': start
[16:42:26.869] [bmv2] [D] [thread 27097] [6.0] [cxt 0] Deparsing header 'ethernet'
[16:42:26.869] [bmv2] [D] [thread 27097] [6.0] [cxt 0] Deparser 'deparser': end
[16:42:26.869] [bmv2] [D] [thread 27101] [6.0] [cxt 0] Transmitting packet of size 90 out of port 0
[16:42:27.048] [bmv2] [D] [thread 27096] [7.0] [cxt 0] Processing packet received on port 1
[16:42:27.048] [bmv2] [D] [thread 27096] [7.0] [cxt 0] Parser 'parser': start
[16:42:27.048] [bmv2] [D] [thread 27096] [7.0] [cxt 0] Parser 'parser' entering state 'start'
[16:42:27.048] [bmv2] [D] [thread 27096] [7.0] [cxt 0] Extracting header 'ethernet'
[16:42:27.049] [bmv2] [D] [thread 27096] [7.0] [cxt 0] Parser state 'start': key is 86dd
[16:42:27.049] [bmv2] [T] [thread 27096] [7.0] [cxt 0] Bytes parsed: 14
[16:42:27.049] [bmv2] [D] [thread 27096] [7.0] [cxt 0] Parser 'parser': end
[16:42:27.049] [bmv2] [D] [thread 27096] [7.0] [cxt 0] Pipeline 'ingress': start
[16:42:27.049] [bmv2] [T] [thread 27096] [7.0] [cxt 0] Applying table 'MyIngress.table_forward'
[16:42:27.049] [bmv2] [D] [thread 27096] [7.0] [cxt 0] Looking up key:
* standard_metadata.ingress_port: 0001

[16:42:27.049] [bmv2] [D] [thread 27096] [7.0] [cxt 0] Table 'MyIngress.table_forward': miss
[16:42:27.049] [bmv2] [D] [thread 27096] [7.0] [cxt 0] Action entry is NoAction - 
[16:42:27.049] [bmv2] [T] [thread 27096] [7.0] [cxt 0] Action NoAction
[16:42:27.049] [bmv2] [T] [thread 27096] [7.0] [cxt 0] ff_calc.p4(261) Condition "(hdr.ff_calc.a == 0) || (hdr.ff_calc.b == 0)" (node_3) is true
[16:42:27.049] [bmv2] [T] [thread 27096] [7.0] [cxt 0] Applying table 'tbl_act'
[16:42:27.049] [bmv2] [D] [thread 27096] [7.0] [cxt 0] Looking up key:

[16:42:27.049] [bmv2] [D] [thread 27096] [7.0] [cxt 0] Table 'tbl_act': miss
[16:42:27.049] [bmv2] [D] [thread 27096] [7.0] [cxt 0] Action entry is act - 
[16:42:27.049] [bmv2] [T] [thread 27096] [7.0] [cxt 0] Action act
[16:42:27.049] [bmv2] [T] [thread 27096] [7.0] [cxt 0] ff_calc.p4(262) Primitive hdr.ff_calc.result = 0
[16:42:27.049] [bmv2] [D] [thread 27096] [7.0] [cxt 0] Pipeline 'ingress': end
[16:42:27.049] [bmv2] [D] [thread 27096] [7.0] [cxt 0] Egress port is 0
[16:42:27.049] [bmv2] [D] [thread 27097] [7.0] [cxt 0] Pipeline 'egress': start
[16:42:27.049] [bmv2] [D] [thread 27097] [7.0] [cxt 0] Pipeline 'egress': end
[16:42:27.049] [bmv2] [D] [thread 27097] [7.0] [cxt 0] Deparser 'deparser': start
[16:42:27.049] [bmv2] [D] [thread 27097] [7.0] [cxt 0] Deparsing header 'ethernet'
[16:42:27.049] [bmv2] [D] [thread 27097] [7.0] [cxt 0] Deparser 'deparser': end
[16:42:27.049] [bmv2] [D] [thread 27101] [7.0] [cxt 0] Transmitting packet of size 90 out of port 0
[16:42:27.073] [bmv2] [D] [thread 27096] [8.0] [cxt 0] Processing packet received on port 2
[16:42:27.073] [bmv2] [D] [thread 27096] [8.0] [cxt 0] Parser 'parser': start
[16:42:27.073] [bmv2] [D] [thread 27096] [8.0] [cxt 0] Parser 'parser' entering state 'start'
[16:42:27.073] [bmv2] [D] [thread 27096] [8.0] [cxt 0] Extracting header 'ethernet'
[16:42:27.073] [bmv2] [D] [thread 27096] [8.0] [cxt 0] Parser state 'start': key is 86dd
[16:42:27.073] [bmv2] [T] [thread 27096] [8.0] [cxt 0] Bytes parsed: 14
[16:42:27.073] [bmv2] [D] [thread 27096] [8.0] [cxt 0] Parser 'parser': end
[16:42:27.073] [bmv2] [D] [thread 27096] [8.0] [cxt 0] Pipeline 'ingress': start
[16:42:27.073] [bmv2] [T] [thread 27096] [8.0] [cxt 0] Applying table 'MyIngress.table_forward'
[16:42:27.073] [bmv2] [D] [thread 27096] [8.0] [cxt 0] Looking up key:
* standard_metadata.ingress_port: 0002

[16:42:27.073] [bmv2] [D] [thread 27096] [8.0] [cxt 0] Table 'MyIngress.table_forward': miss
[16:42:27.073] [bmv2] [D] [thread 27096] [8.0] [cxt 0] Action entry is NoAction - 
[16:42:27.073] [bmv2] [T] [thread 27096] [8.0] [cxt 0] Action NoAction
[16:42:27.073] [bmv2] [T] [thread 27096] [8.0] [cxt 0] ff_calc.p4(261) Condition "(hdr.ff_calc.a == 0) || (hdr.ff_calc.b == 0)" (node_3) is true
[16:42:27.073] [bmv2] [T] [thread 27096] [8.0] [cxt 0] Applying table 'tbl_act'
[16:42:27.073] [bmv2] [D] [thread 27096] [8.0] [cxt 0] Looking up key:

[16:42:27.073] [bmv2] [D] [thread 27096] [8.0] [cxt 0] Table 'tbl_act': miss
[16:42:27.073] [bmv2] [D] [thread 27096] [8.0] [cxt 0] Action entry is act - 
[16:42:27.073] [bmv2] [T] [thread 27096] [8.0] [cxt 0] Action act
[16:42:27.073] [bmv2] [T] [thread 27096] [8.0] [cxt 0] ff_calc.p4(262) Primitive hdr.ff_calc.result = 0
[16:42:27.073] [bmv2] [D] [thread 27096] [8.0] [cxt 0] Pipeline 'ingress': end
[16:42:27.073] [bmv2] [D] [thread 27096] [8.0] [cxt 0] Egress port is 0
[16:42:27.073] [bmv2] [D] [thread 27097] [8.0] [cxt 0] Pipeline 'egress': start
[16:42:27.073] [bmv2] [D] [thread 27097] [8.0] [cxt 0] Pipeline 'egress': end
[16:42:27.073] [bmv2] [D] [thread 27097] [8.0] [cxt 0] Deparser 'deparser': start
[16:42:27.073] [bmv2] [D] [thread 27097] [8.0] [cxt 0] Deparsing header 'ethernet'
[16:42:27.073] [bmv2] [D] [thread 27097] [8.0] [cxt 0] Deparser 'deparser': end
[16:42:27.073] [bmv2] [D] [thread 27101] [8.0] [cxt 0] Transmitting packet of size 90 out of port 0
[16:42:27.126] [bmv2] [D] [thread 27096] [9.0] [cxt 0] Processing packet received on port 1
[16:42:27.126] [bmv2] [D] [thread 27096] [9.0] [cxt 0] Parser 'parser': start
[16:42:27.126] [bmv2] [D] [thread 27096] [9.0] [cxt 0] Parser 'parser' entering state 'start'
[16:42:27.126] [bmv2] [D] [thread 27096] [9.0] [cxt 0] Extracting header 'ethernet'
[16:42:27.126] [bmv2] [D] [thread 27096] [9.0] [cxt 0] Parser state 'start': key is 86dd
[16:42:27.126] [bmv2] [T] [thread 27096] [9.0] [cxt 0] Bytes parsed: 14
[16:42:27.126] [bmv2] [D] [thread 27096] [9.0] [cxt 0] Parser 'parser': end
[16:42:27.126] [bmv2] [D] [thread 27096] [9.0] [cxt 0] Pipeline 'ingress': start
[16:42:27.126] [bmv2] [T] [thread 27096] [9.0] [cxt 0] Applying table 'MyIngress.table_forward'
[16:42:27.126] [bmv2] [D] [thread 27096] [9.0] [cxt 0] Looking up key:
* standard_metadata.ingress_port: 0001

[16:42:27.126] [bmv2] [D] [thread 27096] [9.0] [cxt 0] Table 'MyIngress.table_forward': miss
[16:42:27.126] [bmv2] [D] [thread 27096] [9.0] [cxt 0] Action entry is NoAction - 
[16:42:27.126] [bmv2] [T] [thread 27096] [9.0] [cxt 0] Action NoAction
[16:42:27.126] [bmv2] [T] [thread 27096] [9.0] [cxt 0] ff_calc.p4(261) Condition "(hdr.ff_calc.a == 0) || (hdr.ff_calc.b == 0)" (node_3) is true
[16:42:27.126] [bmv2] [T] [thread 27096] [9.0] [cxt 0] Applying table 'tbl_act'
[16:42:27.126] [bmv2] [D] [thread 27096] [9.0] [cxt 0] Looking up key:

[16:42:27.126] [bmv2] [D] [thread 27096] [9.0] [cxt 0] Table 'tbl_act': miss
[16:42:27.126] [bmv2] [D] [thread 27096] [9.0] [cxt 0] Action entry is act - 
[16:42:27.126] [bmv2] [T] [thread 27096] [9.0] [cxt 0] Action act
[16:42:27.126] [bmv2] [T] [thread 27096] [9.0] [cxt 0] ff_calc.p4(262) Primitive hdr.ff_calc.result = 0
[16:42:27.126] [bmv2] [D] [thread 27096] [9.0] [cxt 0] Pipeline 'ingress': end
[16:42:27.126] [bmv2] [D] [thread 27096] [9.0] [cxt 0] Egress port is 0
[16:42:27.126] [bmv2] [D] [thread 27096] [10.0] [cxt 0] Processing packet received on port 1
[16:42:27.126] [bmv2] [D] [thread 27096] [10.0] [cxt 0] Parser 'parser': start
[16:42:27.126] [bmv2] [D] [thread 27096] [10.0] [cxt 0] Parser 'parser' entering state 'start'
[16:42:27.126] [bmv2] [D] [thread 27096] [10.0] [cxt 0] Extracting header 'ethernet'
[16:42:27.126] [bmv2] [D] [thread 27096] [10.0] [cxt 0] Parser state 'start': key is 86dd
[16:42:27.126] [bmv2] [T] [thread 27096] [10.0] [cxt 0] Bytes parsed: 14
[16:42:27.126] [bmv2] [D] [thread 27096] [10.0] [cxt 0] Parser 'parser': end
[16:42:27.126] [bmv2] [D] [thread 27096] [10.0] [cxt 0] Pipeline 'ingress': start
[16:42:27.126] [bmv2] [T] [thread 27096] [10.0] [cxt 0] Applying table 'MyIngress.table_forward'
[16:42:27.126] [bmv2] [D] [thread 27096] [10.0] [cxt 0] Looking up key:
* standard_metadata.ingress_port: 0001

[16:42:27.126] [bmv2] [D] [thread 27096] [10.0] [cxt 0] Table 'MyIngress.table_forward': miss
[16:42:27.126] [bmv2] [D] [thread 27096] [10.0] [cxt 0] Action entry is NoAction - 
[16:42:27.126] [bmv2] [T] [thread 27096] [10.0] [cxt 0] Action NoAction
[16:42:27.126] [bmv2] [T] [thread 27096] [10.0] [cxt 0] ff_calc.p4(261) Condition "(hdr.ff_calc.a == 0) || (hdr.ff_calc.b == 0)" (node_3) is true
[16:42:27.126] [bmv2] [T] [thread 27096] [10.0] [cxt 0] Applying table 'tbl_act'
[16:42:27.126] [bmv2] [D] [thread 27096] [10.0] [cxt 0] Looking up key:

[16:42:27.126] [bmv2] [D] [thread 27096] [10.0] [cxt 0] Table 'tbl_act': miss
[16:42:27.126] [bmv2] [D] [thread 27096] [10.0] [cxt 0] Action entry is act - 
[16:42:27.126] [bmv2] [T] [thread 27096] [10.0] [cxt 0] Action act
[16:42:27.126] [bmv2] [T] [thread 27096] [10.0] [cxt 0] ff_calc.p4(262) Primitive hdr.ff_calc.result = 0
[16:42:27.126] [bmv2] [D] [thread 27096] [10.0] [cxt 0] Pipeline 'ingress': end
[16:42:27.126] [bmv2] [D] [thread 27096] [10.0] [cxt 0] Egress port is 0
[16:42:27.126] [bmv2] [D] [thread 27097] [9.0] [cxt 0] Pipeline 'egress': start
[16:42:27.126] [bmv2] [D] [thread 27097] [9.0] [cxt 0] Pipeline 'egress': end
[16:42:27.126] [bmv2] [D] [thread 27097] [9.0] [cxt 0] Deparser 'deparser': start
[16:42:27.126] [bmv2] [D] [thread 27097] [9.0] [cxt 0] Deparsing header 'ethernet'
[16:42:27.126] [bmv2] [D] [thread 27097] [9.0] [cxt 0] Deparser 'deparser': end
[16:42:27.126] [bmv2] [D] [thread 27097] [10.0] [cxt 0] Pipeline 'egress': start
[16:42:27.126] [bmv2] [D] [thread 27097] [10.0] [cxt 0] Pipeline 'egress': end
[16:42:27.126] [bmv2] [D] [thread 27097] [10.0] [cxt 0] Deparser 'deparser': start
[16:42:27.126] [bmv2] [D] [thread 27097] [10.0] [cxt 0] Deparsing header 'ethernet'
[16:42:27.126] [bmv2] [D] [thread 27097] [10.0] [cxt 0] Deparser 'deparser': end
[16:42:27.126] [bmv2] [D] [thread 27101] [9.0] [cxt 0] Transmitting packet of size 90 out of port 0
[16:42:27.126] [bmv2] [D] [thread 27101] [10.0] [cxt 0] Transmitting packet of size 70 out of port 0
[16:42:27.157] [bmv2] [T] [thread 27120] bm_get_config
[16:42:27.162] [bmv2] [T] [thread 27120] bm_table_add_entry
[16:42:27.162] [bmv2] [D] [thread 27120] Entry 0 added to table 'MyIngress.table_forward'
[16:42:27.162] [bmv2] [D] [thread 27120] Dumping entry 0
Match key:
* standard_metadata.ingress_port: EXACT     0001
Action entry: MyIngress.action_forward - 2,

[16:42:27.162] [bmv2] [T] [thread 27120] bm_table_add_entry
[16:42:27.162] [bmv2] [D] [thread 27120] Entry 1 added to table 'MyIngress.table_forward'
[16:42:27.162] [bmv2] [D] [thread 27120] Dumping entry 1
Match key:
* standard_metadata.ingress_port: EXACT     0002
Action entry: MyIngress.action_forward - 1,

[16:42:27.357] [bmv2] [D] [thread 27096] [11.0] [cxt 0] Processing packet received on port 1
[16:42:27.357] [bmv2] [D] [thread 27096] [11.0] [cxt 0] Parser 'parser': start
[16:42:27.357] [bmv2] [D] [thread 27096] [11.0] [cxt 0] Parser 'parser' entering state 'start'
[16:42:27.357] [bmv2] [D] [thread 27096] [11.0] [cxt 0] Extracting header 'ethernet'
[16:42:27.357] [bmv2] [D] [thread 27096] [11.0] [cxt 0] Parser state 'start': key is 86dd
[16:42:27.357] [bmv2] [T] [thread 27096] [11.0] [cxt 0] Bytes parsed: 14
[16:42:27.357] [bmv2] [D] [thread 27096] [11.0] [cxt 0] Parser 'parser': end
[16:42:27.357] [bmv2] [D] [thread 27096] [11.0] [cxt 0] Pipeline 'ingress': start
[16:42:27.357] [bmv2] [T] [thread 27096] [11.0] [cxt 0] Applying table 'MyIngress.table_forward'
[16:42:27.357] [bmv2] [D] [thread 27096] [11.0] [cxt 0] Looking up key:
* standard_metadata.ingress_port: 0001

[16:42:27.357] [bmv2] [D] [thread 27096] [11.0] [cxt 0] Table 'MyIngress.table_forward': hit with handle 0
[16:42:27.357] [bmv2] [D] [thread 27096] [11.0] [cxt 0] Dumping entry 0
Match key:
* standard_metadata.ingress_port: EXACT     0001
Action entry: MyIngress.action_forward - 2,

[16:42:27.357] [bmv2] [D] [thread 27096] [11.0] [cxt 0] Action entry is MyIngress.action_forward - 2,
[16:42:27.357] [bmv2] [T] [thread 27096] [11.0] [cxt 0] Action MyIngress.action_forward
[16:42:27.357] [bmv2] [T] [thread 27096] [11.0] [cxt 0] ff_calc.p4(246) Primitive standard_metadata.egress_spec = port
[16:42:27.357] [bmv2] [T] [thread 27096] [11.0] [cxt 0] ff_calc.p4(261) Condition "(hdr.ff_calc.a == 0) || (hdr.ff_calc.b == 0)" (node_3) is true
[16:42:27.357] [bmv2] [T] [thread 27096] [11.0] [cxt 0] Applying table 'tbl_act'
[16:42:27.357] [bmv2] [D] [thread 27096] [11.0] [cxt 0] Looking up key:

[16:42:27.357] [bmv2] [D] [thread 27096] [11.0] [cxt 0] Table 'tbl_act': miss
[16:42:27.357] [bmv2] [D] [thread 27096] [11.0] [cxt 0] Action entry is act - 
[16:42:27.357] [bmv2] [T] [thread 27096] [11.0] [cxt 0] Action act
[16:42:27.357] [bmv2] [T] [thread 27096] [11.0] [cxt 0] ff_calc.p4(262) Primitive hdr.ff_calc.result = 0
[16:42:27.357] [bmv2] [D] [thread 27096] [11.0] [cxt 0] Pipeline 'ingress': end
[16:42:27.357] [bmv2] [D] [thread 27096] [11.0] [cxt 0] Egress port is 2
[16:42:27.357] [bmv2] [D] [thread 27099] [11.0] [cxt 0] Pipeline 'egress': start
[16:42:27.357] [bmv2] [D] [thread 27099] [11.0] [cxt 0] Pipeline 'egress': end
[16:42:27.357] [bmv2] [D] [thread 27099] [11.0] [cxt 0] Deparser 'deparser': start
[16:42:27.357] [bmv2] [D] [thread 27099] [11.0] [cxt 0] Deparsing header 'ethernet'
[16:42:27.357] [bmv2] [D] [thread 27099] [11.0] [cxt 0] Deparser 'deparser': end
[16:42:27.357] [bmv2] [D] [thread 27101] [11.0] [cxt 0] Transmitting packet of size 90 out of port 2
[16:42:27.443] [bmv2] [D] [thread 27096] [12.0] [cxt 0] Processing packet received on port 1
[16:42:27.443] [bmv2] [D] [thread 27096] [12.0] [cxt 0] Parser 'parser': start
[16:42:27.443] [bmv2] [D] [thread 27096] [12.0] [cxt 0] Parser 'parser' entering state 'start'
[16:42:27.443] [bmv2] [D] [thread 27096] [12.0] [cxt 0] Extracting header 'ethernet'
[16:42:27.443] [bmv2] [D] [thread 27096] [12.0] [cxt 0] Parser state 'start': key is 86dd
[16:42:27.443] [bmv2] [T] [thread 27096] [12.0] [cxt 0] Bytes parsed: 14
[16:42:27.443] [bmv2] [D] [thread 27096] [12.0] [cxt 0] Parser 'parser': end
[16:42:27.443] [bmv2] [D] [thread 27096] [12.0] [cxt 0] Pipeline 'ingress': start
[16:42:27.443] [bmv2] [T] [thread 27096] [12.0] [cxt 0] Applying table 'MyIngress.table_forward'
[16:42:27.443] [bmv2] [D] [thread 27096] [12.0] [cxt 0] Looking up key:
* standard_metadata.ingress_port: 0001

[16:42:27.443] [bmv2] [D] [thread 27096] [12.0] [cxt 0] Table 'MyIngress.table_forward': hit with handle 0
[16:42:27.443] [bmv2] [D] [thread 27096] [12.0] [cxt 0] Dumping entry 0
Match key:
* standard_metadata.ingress_port: EXACT     0001
Action entry: MyIngress.action_forward - 2,

[16:42:27.443] [bmv2] [D] [thread 27096] [12.0] [cxt 0] Action entry is MyIngress.action_forward - 2,
[16:42:27.443] [bmv2] [T] [thread 27096] [12.0] [cxt 0] Action MyIngress.action_forward
[16:42:27.443] [bmv2] [T] [thread 27096] [12.0] [cxt 0] ff_calc.p4(246) Primitive standard_metadata.egress_spec = port
[16:42:27.443] [bmv2] [T] [thread 27096] [12.0] [cxt 0] ff_calc.p4(261) Condition "(hdr.ff_calc.a == 0) || (hdr.ff_calc.b == 0)" (node_3) is true
[16:42:27.443] [bmv2] [T] [thread 27096] [12.0] [cxt 0] Applying table 'tbl_act'
[16:42:27.443] [bmv2] [D] [thread 27096] [12.0] [cxt 0] Looking up key:

[16:42:27.443] [bmv2] [D] [thread 27096] [12.0] [cxt 0] Table 'tbl_act': miss
[16:42:27.443] [bmv2] [D] [thread 27096] [12.0] [cxt 0] Action entry is act - 
[16:42:27.443] [bmv2] [T] [thread 27096] [12.0] [cxt 0] Action act
[16:42:27.443] [bmv2] [T] [thread 27096] [12.0] [cxt 0] ff_calc.p4(262) Primitive hdr.ff_calc.result = 0
[16:42:27.443] [bmv2] [D] [thread 27096] [12.0] [cxt 0] Pipeline 'ingress': end
[16:42:27.443] [bmv2] [D] [thread 27096] [12.0] [cxt 0] Egress port is 2
[16:42:27.443] [bmv2] [D] [thread 27099] [12.0] [cxt 0] Pipeline 'egress': start
[16:42:27.443] [bmv2] [D] [thread 27099] [12.0] [cxt 0] Pipeline 'egress': end
[16:42:27.443] [bmv2] [D] [thread 27099] [12.0] [cxt 0] Deparser 'deparser': start
[16:42:27.443] [bmv2] [D] [thread 27099] [12.0] [cxt 0] Deparsing header 'ethernet'
[16:42:27.443] [bmv2] [D] [thread 27099] [12.0] [cxt 0] Deparser 'deparser': end
[16:42:27.443] [bmv2] [D] [thread 27101] [12.0] [cxt 0] Transmitting packet of size 90 out of port 2
[16:42:27.525] [bmv2] [D] [thread 27096] [13.0] [cxt 0] Processing packet received on port 2
[16:42:27.525] [bmv2] [D] [thread 27096] [13.0] [cxt 0] Parser 'parser': start
[16:42:27.525] [bmv2] [D] [thread 27096] [13.0] [cxt 0] Parser 'parser' entering state 'start'
[16:42:27.525] [bmv2] [D] [thread 27096] [13.0] [cxt 0] Extracting header 'ethernet'
[16:42:27.525] [bmv2] [D] [thread 27096] [13.0] [cxt 0] Parser state 'start': key is 86dd
[16:42:27.525] [bmv2] [T] [thread 27096] [13.0] [cxt 0] Bytes parsed: 14
[16:42:27.525] [bmv2] [D] [thread 27096] [13.0] [cxt 0] Parser 'parser': end
[16:42:27.525] [bmv2] [D] [thread 27096] [13.0] [cxt 0] Pipeline 'ingress': start
[16:42:27.525] [bmv2] [T] [thread 27096] [13.0] [cxt 0] Applying table 'MyIngress.table_forward'
[16:42:27.525] [bmv2] [D] [thread 27096] [13.0] [cxt 0] Looking up key:
* standard_metadata.ingress_port: 0002

[16:42:27.525] [bmv2] [D] [thread 27096] [13.0] [cxt 0] Table 'MyIngress.table_forward': hit with handle 1
[16:42:27.525] [bmv2] [D] [thread 27096] [13.0] [cxt 0] Dumping entry 1
Match key:
* standard_metadata.ingress_port: EXACT     0002
Action entry: MyIngress.action_forward - 1,

[16:42:27.525] [bmv2] [D] [thread 27096] [13.0] [cxt 0] Action entry is MyIngress.action_forward - 1,
[16:42:27.525] [bmv2] [T] [thread 27096] [13.0] [cxt 0] Action MyIngress.action_forward
[16:42:27.525] [bmv2] [T] [thread 27096] [13.0] [cxt 0] ff_calc.p4(246) Primitive standard_metadata.egress_spec = port
[16:42:27.525] [bmv2] [T] [thread 27096] [13.0] [cxt 0] ff_calc.p4(261) Condition "(hdr.ff_calc.a == 0) || (hdr.ff_calc.b == 0)" (node_3) is true
[16:42:27.525] [bmv2] [T] [thread 27096] [13.0] [cxt 0] Applying table 'tbl_act'
[16:42:27.525] [bmv2] [D] [thread 27096] [13.0] [cxt 0] Looking up key:

[16:42:27.525] [bmv2] [D] [thread 27096] [13.0] [cxt 0] Table 'tbl_act': miss
[16:42:27.525] [bmv2] [D] [thread 27096] [13.0] [cxt 0] Action entry is act - 
[16:42:27.525] [bmv2] [T] [thread 27096] [13.0] [cxt 0] Action act
[16:42:27.525] [bmv2] [T] [thread 27096] [13.0] [cxt 0] ff_calc.p4(262) Primitive hdr.ff_calc.result = 0
[16:42:27.525] [bmv2] [D] [thread 27096] [13.0] [cxt 0] Pipeline 'ingress': end
[16:42:27.525] [bmv2] [D] [thread 27096] [13.0] [cxt 0] Egress port is 1
[16:42:27.525] [bmv2] [D] [thread 27098] [13.0] [cxt 0] Pipeline 'egress': start
[16:42:27.525] [bmv2] [D] [thread 27098] [13.0] [cxt 0] Pipeline 'egress': end
[16:42:27.525] [bmv2] [D] [thread 27098] [13.0] [cxt 0] Deparser 'deparser': start
[16:42:27.525] [bmv2] [D] [thread 27098] [13.0] [cxt 0] Deparsing header 'ethernet'
[16:42:27.525] [bmv2] [D] [thread 27098] [13.0] [cxt 0] Deparser 'deparser': end
[16:42:27.525] [bmv2] [D] [thread 27101] [13.0] [cxt 0] Transmitting packet of size 90 out of port 1
[16:42:30.797] [bmv2] [D] [thread 27096] [14.0] [cxt 0] Processing packet received on port 2
[16:42:30.797] [bmv2] [D] [thread 27096] [14.0] [cxt 0] Parser 'parser': start
[16:42:30.797] [bmv2] [D] [thread 27096] [14.0] [cxt 0] Parser 'parser' entering state 'start'
[16:42:30.797] [bmv2] [D] [thread 27096] [14.0] [cxt 0] Extracting header 'ethernet'
[16:42:30.797] [bmv2] [D] [thread 27096] [14.0] [cxt 0] Parser state 'start': key is 86dd
[16:42:30.797] [bmv2] [T] [thread 27096] [14.0] [cxt 0] Bytes parsed: 14
[16:42:30.797] [bmv2] [D] [thread 27096] [14.0] [cxt 0] Parser 'parser': end
[16:42:30.797] [bmv2] [D] [thread 27096] [14.0] [cxt 0] Pipeline 'ingress': start
[16:42:30.797] [bmv2] [T] [thread 27096] [14.0] [cxt 0] Applying table 'MyIngress.table_forward'
[16:42:30.797] [bmv2] [D] [thread 27096] [14.0] [cxt 0] Looking up key:
* standard_metadata.ingress_port: 0002

[16:42:30.797] [bmv2] [D] [thread 27096] [14.0] [cxt 0] Table 'MyIngress.table_forward': hit with handle 1
[16:42:30.797] [bmv2] [D] [thread 27096] [14.0] [cxt 0] Dumping entry 1
Match key:
* standard_metadata.ingress_port: EXACT     0002
Action entry: MyIngress.action_forward - 1,

[16:42:30.797] [bmv2] [D] [thread 27096] [14.0] [cxt 0] Action entry is MyIngress.action_forward - 1,
[16:42:30.797] [bmv2] [T] [thread 27096] [14.0] [cxt 0] Action MyIngress.action_forward
[16:42:30.797] [bmv2] [T] [thread 27096] [14.0] [cxt 0] ff_calc.p4(246) Primitive standard_metadata.egress_spec = port
[16:42:30.797] [bmv2] [T] [thread 27096] [14.0] [cxt 0] ff_calc.p4(261) Condition "(hdr.ff_calc.a == 0) || (hdr.ff_calc.b == 0)" (node_3) is true
[16:42:30.797] [bmv2] [T] [thread 27096] [14.0] [cxt 0] Applying table 'tbl_act'
[16:42:30.797] [bmv2] [D] [thread 27096] [14.0] [cxt 0] Looking up key:

[16:42:30.797] [bmv2] [D] [thread 27096] [14.0] [cxt 0] Table 'tbl_act': miss
[16:42:30.797] [bmv2] [D] [thread 27096] [14.0] [cxt 0] Action entry is act - 
[16:42:30.797] [bmv2] [T] [thread 27096] [14.0] [cxt 0] Action act
[16:42:30.797] [bmv2] [T] [thread 27096] [14.0] [cxt 0] ff_calc.p4(262) Primitive hdr.ff_calc.result = 0
[16:42:30.797] [bmv2] [D] [thread 27096] [14.0] [cxt 0] Pipeline 'ingress': end
[16:42:30.797] [bmv2] [D] [thread 27096] [14.0] [cxt 0] Egress port is 1
[16:42:30.797] [bmv2] [D] [thread 27098] [14.0] [cxt 0] Pipeline 'egress': start
[16:42:30.797] [bmv2] [D] [thread 27098] [14.0] [cxt 0] Pipeline 'egress': end
[16:42:30.797] [bmv2] [D] [thread 27098] [14.0] [cxt 0] Deparser 'deparser': start
[16:42:30.797] [bmv2] [D] [thread 27098] [14.0] [cxt 0] Deparsing header 'ethernet'
[16:42:30.797] [bmv2] [D] [thread 27098] [14.0] [cxt 0] Deparser 'deparser': end
[16:42:30.797] [bmv2] [D] [thread 27101] [14.0] [cxt 0] Transmitting packet of size 70 out of port 1
[16:42:31.137] [bmv2] [D] [thread 27096] [15.0] [cxt 0] Processing packet received on port 1
[16:42:31.137] [bmv2] [D] [thread 27096] [15.0] [cxt 0] Parser 'parser': start
[16:42:31.137] [bmv2] [D] [thread 27096] [15.0] [cxt 0] Parser 'parser' entering state 'start'
[16:42:31.137] [bmv2] [D] [thread 27096] [15.0] [cxt 0] Extracting header 'ethernet'
[16:42:31.137] [bmv2] [D] [thread 27096] [15.0] [cxt 0] Parser state 'start': key is 86dd
[16:42:31.137] [bmv2] [T] [thread 27096] [15.0] [cxt 0] Bytes parsed: 14
[16:42:31.137] [bmv2] [D] [thread 27096] [15.0] [cxt 0] Parser 'parser': end
[16:42:31.137] [bmv2] [D] [thread 27096] [15.0] [cxt 0] Pipeline 'ingress': start
[16:42:31.137] [bmv2] [T] [thread 27096] [15.0] [cxt 0] Applying table 'MyIngress.table_forward'
[16:42:31.137] [bmv2] [D] [thread 27096] [15.0] [cxt 0] Looking up key:
* standard_metadata.ingress_port: 0001

[16:42:31.137] [bmv2] [D] [thread 27096] [15.0] [cxt 0] Table 'MyIngress.table_forward': hit with handle 0
[16:42:31.137] [bmv2] [D] [thread 27096] [15.0] [cxt 0] Dumping entry 0
Match key:
* standard_metadata.ingress_port: EXACT     0001
Action entry: MyIngress.action_forward - 2,

[16:42:31.137] [bmv2] [D] [thread 27096] [15.0] [cxt 0] Action entry is MyIngress.action_forward - 2,
[16:42:31.137] [bmv2] [T] [thread 27096] [15.0] [cxt 0] Action MyIngress.action_forward
[16:42:31.137] [bmv2] [T] [thread 27096] [15.0] [cxt 0] ff_calc.p4(246) Primitive standard_metadata.egress_spec = port
[16:42:31.137] [bmv2] [T] [thread 27096] [15.0] [cxt 0] ff_calc.p4(261) Condition "(hdr.ff_calc.a == 0) || (hdr.ff_calc.b == 0)" (node_3) is true
[16:42:31.137] [bmv2] [T] [thread 27096] [15.0] [cxt 0] Applying table 'tbl_act'
[16:42:31.137] [bmv2] [D] [thread 27096] [15.0] [cxt 0] Looking up key:

[16:42:31.137] [bmv2] [D] [thread 27096] [15.0] [cxt 0] Table 'tbl_act': miss
[16:42:31.137] [bmv2] [D] [thread 27096] [15.0] [cxt 0] Action entry is act - 
[16:42:31.137] [bmv2] [T] [thread 27096] [15.0] [cxt 0] Action act
[16:42:31.137] [bmv2] [T] [thread 27096] [15.0] [cxt 0] ff_calc.p4(262) Primitive hdr.ff_calc.result = 0
[16:42:31.137] [bmv2] [D] [thread 27096] [15.0] [cxt 0] Pipeline 'ingress': end
[16:42:31.137] [bmv2] [D] [thread 27096] [15.0] [cxt 0] Egress port is 2
[16:42:31.137] [bmv2] [D] [thread 27099] [15.0] [cxt 0] Pipeline 'egress': start
[16:42:31.137] [bmv2] [D] [thread 27099] [15.0] [cxt 0] Pipeline 'egress': end
[16:42:31.137] [bmv2] [D] [thread 27099] [15.0] [cxt 0] Deparser 'deparser': start
[16:42:31.137] [bmv2] [D] [thread 27099] [15.0] [cxt 0] Deparsing header 'ethernet'
[16:42:31.137] [bmv2] [D] [thread 27099] [15.0] [cxt 0] Deparser 'deparser': end
[16:42:31.137] [bmv2] [D] [thread 27101] [15.0] [cxt 0] Transmitting packet of size 70 out of port 2
[16:42:34.810] [bmv2] [D] [thread 27096] [16.0] [cxt 0] Processing packet received on port 2
[16:42:34.810] [bmv2] [D] [thread 27096] [16.0] [cxt 0] Parser 'parser': start
[16:42:34.810] [bmv2] [D] [thread 27096] [16.0] [cxt 0] Parser 'parser' entering state 'start'
[16:42:34.810] [bmv2] [D] [thread 27096] [16.0] [cxt 0] Extracting header 'ethernet'
[16:42:34.810] [bmv2] [D] [thread 27096] [16.0] [cxt 0] Parser state 'start': key is 86dd
[16:42:34.810] [bmv2] [T] [thread 27096] [16.0] [cxt 0] Bytes parsed: 14
[16:42:34.810] [bmv2] [D] [thread 27096] [16.0] [cxt 0] Parser 'parser': end
[16:42:34.810] [bmv2] [D] [thread 27096] [16.0] [cxt 0] Pipeline 'ingress': start
[16:42:34.810] [bmv2] [T] [thread 27096] [16.0] [cxt 0] Applying table 'MyIngress.table_forward'
[16:42:34.810] [bmv2] [D] [thread 27096] [16.0] [cxt 0] Looking up key:
* standard_metadata.ingress_port: 0002

[16:42:34.810] [bmv2] [D] [thread 27096] [16.0] [cxt 0] Table 'MyIngress.table_forward': hit with handle 1
[16:42:34.810] [bmv2] [D] [thread 27096] [16.0] [cxt 0] Dumping entry 1
Match key:
* standard_metadata.ingress_port: EXACT     0002
Action entry: MyIngress.action_forward - 1,

[16:42:34.810] [bmv2] [D] [thread 27096] [16.0] [cxt 0] Action entry is MyIngress.action_forward - 1,
[16:42:34.810] [bmv2] [T] [thread 27096] [16.0] [cxt 0] Action MyIngress.action_forward
[16:42:34.810] [bmv2] [T] [thread 27096] [16.0] [cxt 0] ff_calc.p4(246) Primitive standard_metadata.egress_spec = port
[16:42:34.810] [bmv2] [T] [thread 27096] [16.0] [cxt 0] ff_calc.p4(261) Condition "(hdr.ff_calc.a == 0) || (hdr.ff_calc.b == 0)" (node_3) is true
[16:42:34.810] [bmv2] [T] [thread 27096] [16.0] [cxt 0] Applying table 'tbl_act'
[16:42:34.810] [bmv2] [D] [thread 27096] [16.0] [cxt 0] Looking up key:

[16:42:34.810] [bmv2] [D] [thread 27096] [16.0] [cxt 0] Table 'tbl_act': miss
[16:42:34.810] [bmv2] [D] [thread 27096] [16.0] [cxt 0] Action entry is act - 
[16:42:34.810] [bmv2] [T] [thread 27096] [16.0] [cxt 0] Action act
[16:42:34.810] [bmv2] [T] [thread 27096] [16.0] [cxt 0] ff_calc.p4(262) Primitive hdr.ff_calc.result = 0
[16:42:34.810] [bmv2] [D] [thread 27096] [16.0] [cxt 0] Pipeline 'ingress': end
[16:42:34.810] [bmv2] [D] [thread 27096] [16.0] [cxt 0] Egress port is 1
[16:42:34.810] [bmv2] [D] [thread 27098] [16.0] [cxt 0] Pipeline 'egress': start
[16:42:34.810] [bmv2] [D] [thread 27098] [16.0] [cxt 0] Pipeline 'egress': end
[16:42:34.810] [bmv2] [D] [thread 27098] [16.0] [cxt 0] Deparser 'deparser': start
[16:42:34.810] [bmv2] [D] [thread 27098] [16.0] [cxt 0] Deparsing header 'ethernet'
[16:42:34.810] [bmv2] [D] [thread 27098] [16.0] [cxt 0] Deparser 'deparser': end
[16:42:34.810] [bmv2] [D] [thread 27101] [16.0] [cxt 0] Transmitting packet of size 70 out of port 1
[16:42:35.145] [bmv2] [D] [thread 27096] [17.0] [cxt 0] Processing packet received on port 1
[16:42:35.145] [bmv2] [D] [thread 27096] [17.0] [cxt 0] Parser 'parser': start
[16:42:35.145] [bmv2] [D] [thread 27096] [17.0] [cxt 0] Parser 'parser' entering state 'start'
[16:42:35.145] [bmv2] [D] [thread 27096] [17.0] [cxt 0] Extracting header 'ethernet'
[16:42:35.145] [bmv2] [D] [thread 27096] [17.0] [cxt 0] Parser state 'start': key is 86dd
[16:42:35.145] [bmv2] [T] [thread 27096] [17.0] [cxt 0] Bytes parsed: 14
[16:42:35.145] [bmv2] [D] [thread 27096] [17.0] [cxt 0] Parser 'parser': end
[16:42:35.145] [bmv2] [D] [thread 27096] [17.0] [cxt 0] Pipeline 'ingress': start
[16:42:35.145] [bmv2] [T] [thread 27096] [17.0] [cxt 0] Applying table 'MyIngress.table_forward'
[16:42:35.145] [bmv2] [D] [thread 27096] [17.0] [cxt 0] Looking up key:
* standard_metadata.ingress_port: 0001

[16:42:35.145] [bmv2] [D] [thread 27096] [17.0] [cxt 0] Table 'MyIngress.table_forward': hit with handle 0
[16:42:35.145] [bmv2] [D] [thread 27096] [17.0] [cxt 0] Dumping entry 0
Match key:
* standard_metadata.ingress_port: EXACT     0001
Action entry: MyIngress.action_forward - 2,

[16:42:35.145] [bmv2] [D] [thread 27096] [17.0] [cxt 0] Action entry is MyIngress.action_forward - 2,
[16:42:35.145] [bmv2] [T] [thread 27096] [17.0] [cxt 0] Action MyIngress.action_forward
[16:42:35.145] [bmv2] [T] [thread 27096] [17.0] [cxt 0] ff_calc.p4(246) Primitive standard_metadata.egress_spec = port
[16:42:35.145] [bmv2] [T] [thread 27096] [17.0] [cxt 0] ff_calc.p4(261) Condition "(hdr.ff_calc.a == 0) || (hdr.ff_calc.b == 0)" (node_3) is true
[16:42:35.145] [bmv2] [T] [thread 27096] [17.0] [cxt 0] Applying table 'tbl_act'
[16:42:35.145] [bmv2] [D] [thread 27096] [17.0] [cxt 0] Looking up key:

[16:42:35.145] [bmv2] [D] [thread 27096] [17.0] [cxt 0] Table 'tbl_act': miss
[16:42:35.145] [bmv2] [D] [thread 27096] [17.0] [cxt 0] Action entry is act - 
[16:42:35.145] [bmv2] [T] [thread 27096] [17.0] [cxt 0] Action act
[16:42:35.145] [bmv2] [T] [thread 27096] [17.0] [cxt 0] ff_calc.p4(262) Primitive hdr.ff_calc.result = 0
[16:42:35.145] [bmv2] [D] [thread 27096] [17.0] [cxt 0] Pipeline 'ingress': end
[16:42:35.145] [bmv2] [D] [thread 27096] [17.0] [cxt 0] Egress port is 2
[16:42:35.145] [bmv2] [D] [thread 27099] [17.0] [cxt 0] Pipeline 'egress': start
[16:42:35.145] [bmv2] [D] [thread 27099] [17.0] [cxt 0] Pipeline 'egress': end
[16:42:35.145] [bmv2] [D] [thread 27099] [17.0] [cxt 0] Deparser 'deparser': start
[16:42:35.145] [bmv2] [D] [thread 27099] [17.0] [cxt 0] Deparsing header 'ethernet'
[16:42:35.145] [bmv2] [D] [thread 27099] [17.0] [cxt 0] Deparser 'deparser': end
[16:42:35.145] [bmv2] [D] [thread 27101] [17.0] [cxt 0] Transmitting packet of size 70 out of port 2
[16:42:42.038] [bmv2] [D] [thread 27096] [18.0] [cxt 0] Processing packet received on port 1
[16:42:42.038] [bmv2] [D] [thread 27096] [18.0] [cxt 0] Parser 'parser': start
[16:42:42.038] [bmv2] [D] [thread 27096] [18.0] [cxt 0] Parser 'parser' entering state 'start'
[16:42:42.038] [bmv2] [D] [thread 27096] [18.0] [cxt 0] Extracting header 'ethernet'
[16:42:42.038] [bmv2] [D] [thread 27096] [18.0] [cxt 0] Parser state 'start': key is 1234
[16:42:42.038] [bmv2] [T] [thread 27096] [18.0] [cxt 0] Bytes parsed: 14
[16:42:42.038] [bmv2] [D] [thread 27096] [18.0] [cxt 0] Parser 'parser' entering state 'parse_ff_calc'
[16:42:42.038] [bmv2] [D] [thread 27096] [18.0] [cxt 0] Extracting header 'ff_calc'
[16:42:42.038] [bmv2] [D] [thread 27096] [18.0] [cxt 0] Parser state 'parse_ff_calc' has no switch, going to default next state
[16:42:42.038] [bmv2] [T] [thread 27096] [18.0] [cxt 0] Bytes parsed: 17
[16:42:42.038] [bmv2] [D] [thread 27096] [18.0] [cxt 0] Parser 'parser': end
[16:42:42.038] [bmv2] [D] [thread 27096] [18.0] [cxt 0] Pipeline 'ingress': start
[16:42:42.038] [bmv2] [T] [thread 27096] [18.0] [cxt 0] Applying table 'MyIngress.table_forward'
[16:42:42.038] [bmv2] [D] [thread 27096] [18.0] [cxt 0] Looking up key:
* standard_metadata.ingress_port: 0001

[16:42:42.038] [bmv2] [D] [thread 27096] [18.0] [cxt 0] Table 'MyIngress.table_forward': hit with handle 0
[16:42:42.038] [bmv2] [D] [thread 27096] [18.0] [cxt 0] Dumping entry 0
Match key:
* standard_metadata.ingress_port: EXACT     0001
Action entry: MyIngress.action_forward - 2,

[16:42:42.038] [bmv2] [D] [thread 27096] [18.0] [cxt 0] Action entry is MyIngress.action_forward - 2,
[16:42:42.038] [bmv2] [T] [thread 27096] [18.0] [cxt 0] Action MyIngress.action_forward
[16:42:42.038] [bmv2] [T] [thread 27096] [18.0] [cxt 0] ff_calc.p4(246) Primitive standard_metadata.egress_spec = port
[16:42:42.038] [bmv2] [T] [thread 27096] [18.0] [cxt 0] ff_calc.p4(261) Condition "(hdr.ff_calc.a == 0) || (hdr.ff_calc.b == 0)" (node_3) is true
[16:42:42.038] [bmv2] [T] [thread 27096] [18.0] [cxt 0] Applying table 'tbl_act'
[16:42:42.038] [bmv2] [D] [thread 27096] [18.0] [cxt 0] Looking up key:

[16:42:42.038] [bmv2] [D] [thread 27096] [18.0] [cxt 0] Table 'tbl_act': miss
[16:42:42.038] [bmv2] [D] [thread 27096] [18.0] [cxt 0] Action entry is act - 
[16:42:42.038] [bmv2] [T] [thread 27096] [18.0] [cxt 0] Action act
[16:42:42.038] [bmv2] [T] [thread 27096] [18.0] [cxt 0] ff_calc.p4(262) Primitive hdr.ff_calc.result = 0
[16:42:42.038] [bmv2] [D] [thread 27096] [18.0] [cxt 0] Pipeline 'ingress': end
[16:42:42.038] [bmv2] [D] [thread 27096] [18.0] [cxt 0] Egress port is 2
[16:42:42.038] [bmv2] [D] [thread 27099] [18.0] [cxt 0] Pipeline 'egress': start
[16:42:42.038] [bmv2] [D] [thread 27099] [18.0] [cxt 0] Pipeline 'egress': end
[16:42:42.038] [bmv2] [D] [thread 27099] [18.0] [cxt 0] Deparser 'deparser': start
[16:42:42.038] [bmv2] [D] [thread 27099] [18.0] [cxt 0] Deparsing header 'ethernet'
[16:42:42.038] [bmv2] [D] [thread 27099] [18.0] [cxt 0] Deparsing header 'ff_calc'
[16:42:42.038] [bmv2] [D] [thread 27099] [18.0] [cxt 0] Deparser 'deparser': end
[16:42:42.038] [bmv2] [D] [thread 27101] [18.0] [cxt 0] Transmitting packet of size 17 out of port 2
